#
# A fatal error has been detected by the Java Runtime Environment:
#
#  Internal Error (vmThread.cpp:733), pid=3037871, tid=3037878
#  fatal error: Nested VM operation CollectForMetadataAllocation requested by operation ChangeBreakpoints
#
# JRE version: OpenJDK Runtime Environment AdoptOpenJDK (11.0.10+9) (build 11.0.10+9)
# Java VM: OpenJDK 64-Bit Server VM AdoptOpenJDK (11.0.10+9, mixed mode, tiered, compressed oops, g1 gc, linux-amd64)
# Core dump will be written. Default location: Core dumps may be processed with "/lib/systemd/systemd-coredump %P %u %g %s %t 9223372036854775808 %h" (or dumping to /home/fco/TFG/inmo/core.3037871)
#
# If you would like to submit a bug report, please visit:
#   https://github.com/AdoptOpenJDK/openjdk-support/issues
#

---------------  S U M M A R Y ------------

Command Line: -Xdebug -Xnoagent -Djava.compiler=NONE -Xrunjdwp:transport=dt_socket,address=localhost:32951,server=n,suspend=y -Dcom.sun.management.jmxremote -Dcom.sun.management.jmxremote.port=44457 -Dcom.sun.management.jmxremote.authenticate=false -Dcom.sun.management.jmxremote.ssl=false -Djava.rmi.server.hostname=localhost -Dspring.application.admin.enabled=true -Dspring.jmx.enabled=true -Dfile.encoding=UTF-8 com.uoc.inmo.Application

Host: Intel(R) Core(TM) i7-4720HQ CPU @ 2.60GHz, 8 cores, 15G, Linux Mint 20.1 Ulyssa
Time: Sun May 16 22:41:44 2021 CEST elapsed time: 3.483822 seconds (0d 0h 0m 3s)

---------------  T H R E A D  ---------------

Current thread (0x00007f055020c000):  VMThread "VM Thread" [stack: 0x00007f052321e000,0x00007f052331e000] [id=3037878]

Stack: [0x00007f052321e000,0x00007f052331e000],  sp=0x00007f052331c1a0,  free space=1016k
Native frames: (J=compiled Java code, A=aot compiled Java code, j=interpreted, Vv=VM code, C=native code)
V  [libjvm.so+0xf2ed37]  VMError::report_and_die(int, char const*, char const*, __va_list_tag*, Thread*, unsigned char*, void*, void*, char const*, int, unsigned long)+0x387
V  [libjvm.so+0xf2f9bf]  VMError::report_and_die(Thread*, void*, char const*, int, char const*, char const*, __va_list_tag*)+0x2f
V  [libjvm.so+0x6c1aba]  report_fatal(char const*, int, char const*, ...)+0x10a
V  [libjvm.so+0xf380f3]  VMThread::execute(VM_Operation*)+0x373
V  [libjvm.so+0x63d0bd]  CollectedHeap::satisfy_failed_metadata_allocation(ClassLoaderData*, unsigned long, Metaspace::MetadataType)+0xdd
V  [libjvm.so+0xbbe23c]  Metaspace::allocate(ClassLoaderData*, unsigned long, MetaspaceObj::Type, Thread*)+0x12c
V  [libjvm.so+0xbd886b]  MethodCounters::allocate(methodHandle const&, Thread*)+0x3b
V  [libjvm.so+0xbd4cc3]  Method::build_method_counters(Method*, Thread*)+0x83
V  [libjvm.so+0xbd558b]  Method::set_breakpoint(int)+0x24b
V  [libjvm.so+0xa55210]  JvmtiBreakpoint::each_method_version_do(void (Method::*)(int))+0x40
V  [libjvm.so+0xf323f7]  VM_Operation::evaluate()+0xe7
V  [libjvm.so+0xf3877f]  VMThread::evaluate_operation(VM_Operation*) [clone .constprop.66]+0xff
V  [libjvm.so+0xf38cf8]  VMThread::loop()+0x428
V  [libjvm.so+0xf39193]  VMThread::run()+0x73
V  [libjvm.so+0xebd9bf]  Thread::call_run()+0x14f
V  [libjvm.so+0xc5dbde]  thread_native_entry(Thread*)+0xee

VM_Operation (0x00007f052200e8e0): ChangeBreakpoints, mode: safepoint, requested by thread 0x00007f05503d0800


---------------  P R O C E S S  ---------------

Threads class SMR info:
_java_thread_list=0x00007f04ac2714c0, length=17, elements={
0x00007f055002f800, 0x00007f0550214800, 0x00007f0550218800, 0x00007f055022d000,
0x00007f055022f000, 0x00007f0550231800, 0x00007f0550233800, 0x00007f0550235800,
0x00007f0550305000, 0x00007f05503d0800, 0x00007f05503d4800, 0x00007f04e8001800,
0x00007f04fc119800, 0x00007f0550cb9000, 0x00007f0550cc1000, 0x00007f0550ce6800,
0x00007f04fc27e000
}

Java Threads: ( => current thread )
  0x00007f055002f800 JavaThread "main" [_thread_blocked, id=3037872, stack(0x00007f0554ad3000,0x00007f0554bd4000)]
  0x00007f0550214800 JavaThread "Reference Handler" daemon [_thread_blocked, id=3037879, stack(0x00007f052311b000,0x00007f052321c000)]
  0x00007f0550218800 JavaThread "Finalizer" daemon [_thread_blocked, id=3037880, stack(0x00007f052301a000,0x00007f052311b000)]
  0x00007f055022d000 JavaThread "Signal Dispatcher" daemon [_thread_blocked, id=3037881, stack(0x00007f052271b000,0x00007f052281c000)]
  0x00007f055022f000 JavaThread "Service Thread" daemon [_thread_blocked, id=3037882, stack(0x00007f052261a000,0x00007f052271b000)]
  0x00007f0550231800 JavaThread "C2 CompilerThread0" daemon [_thread_blocked, id=3037883, stack(0x00007f0522519000,0x00007f052261a000)]
  0x00007f0550233800 JavaThread "C1 CompilerThread0" daemon [_thread_blocked, id=3037884, stack(0x00007f0522418000,0x00007f0522519000)]
  0x00007f0550235800 JavaThread "Sweeper thread" daemon [_thread_blocked, id=3037885, stack(0x00007f0522317000,0x00007f0522418000)]
  0x00007f0550305000 JavaThread "Common-Cleaner" daemon [_thread_blocked, id=3037886, stack(0x00007f0522216000,0x00007f0522317000)]
  0x00007f05503d0800 JavaThread "JDWP Transport Listener: dt_socket" daemon [_thread_blocked, id=3037888, stack(0x00007f0521f0f000,0x00007f0522010000)]
  0x00007f05503d4800 JavaThread "JDWP Event Helper Thread" daemon [_thread_blocked, id=3037891, stack(0x00007f0521e0e000,0x00007f0521f0f000)]
  0x00007f04e8001800 JavaThread "JDWP Command Reader" daemon [_thread_in_native, id=3037892, stack(0x00007f0521cd2000,0x00007f0521dd3000)]
  0x00007f04fc119800 JavaThread "C2 CompilerThread1" daemon [_thread_blocked, id=3037897, stack(0x00007f05217a9000,0x00007f05218aa000)]
  0x00007f0550cb9000 JavaThread "RMI TCP Accept-0" daemon [_thread_in_native, id=3037905, stack(0x00007f0520c99000,0x00007f0520d9a000)]
  0x00007f0550cc1000 JavaThread "RMI TCP Accept-44457" daemon [_thread_in_native, id=3037906, stack(0x00007f0520b98000,0x00007f0520c99000)]
  0x00007f0550ce6800 JavaThread "RMI TCP Accept-0" daemon [_thread_in_native, id=3037907, stack(0x00007f0520a97000,0x00007f0520b98000)]
  0x00007f04fc27e000 JavaThread "C2 CompilerThread2" daemon [_thread_in_native, id=3037909, stack(0x00007f0520694000,0x00007f0520795000)]

Other Threads:
=>0x00007f055020c000 VMThread "VM Thread" [stack: 0x00007f052321e000,0x00007f052331e000] [id=3037878]
  0x00007f0550ce9800 WatcherThread [stack: 0x00007f0520997000,0x00007f0520a97000] [id=3037908]
  0x00007f0550047000 GCTaskThread "GC Thread#0" [stack: 0x00007f05385bc000,0x00007f05386bc000] [id=3037873]
  0x00007f0514001000 GCTaskThread "GC Thread#1" [stack: 0x00007f0520594000,0x00007f0520694000] [id=3037910]
  0x00007f0514002800 GCTaskThread "GC Thread#2" [stack: 0x00007f0520492000,0x00007f0520592000] [id=3037911]
  0x00007f0514004000 GCTaskThread "GC Thread#3" [stack: 0x00007f0520390000,0x00007f0520490000] [id=3037912]
  0x00007f0514005800 GCTaskThread "GC Thread#4" [stack: 0x00007f052028e000,0x00007f052038e000] [id=3037913]
  0x00007f0514007000 GCTaskThread "GC Thread#5" [stack: 0x00007f052018c000,0x00007f052028c000] [id=3037914]
  0x00007f051403c000 GCTaskThread "GC Thread#6" [stack: 0x00007f04b79ff000,0x00007f04b7aff000] [id=3037922]
  0x00007f05500a5800 ConcurrentGCThread "G1 Main Marker" [stack: 0x00007f052a724000,0x00007f052a824000] [id=3037874]
  0x00007f05500a7800 ConcurrentGCThread "G1 Conc#0" [stack: 0x00007f052a622000,0x00007f052a722000] [id=3037875]
  0x00007f0524001000 ConcurrentGCThread "G1 Conc#1" [stack: 0x00007f04b76d2000,0x00007f04b77d2000] [id=3037917]
  0x00007f05501a7000 ConcurrentGCThread "G1 Refine#0" [stack: 0x00007f0523cfe000,0x00007f0523dfe000] [id=3037876]
  0x00007f0518001000 ConcurrentGCThread "G1 Refine#1" [stack: 0x00007f052008a000,0x00007f052018a000] [id=3037915]
  0x00007f05501a9000 ConcurrentGCThread "G1 Young RemSet Sampling" [stack: 0x00007f0523bfc000,0x00007f0523cfc000] [id=3037877]

Threads with active compile tasks:
C2 CompilerThread0   3498 3569       4       org.springframework.beans.factory.support.AbstractBeanFactory::isTypeMatch (607 bytes)
C1 CompilerThread0   3498 3665       3       org.axonframework.spring.config.SpringAxonAutoConfigurer$$Lambda$561/0x0000000800443040::test (8 bytes)
C2 CompilerThread1   3498 3241       4       org.springframework.asm.ClassReader::readMethod (1055 bytes)
C2 CompilerThread2   3498 3561       4       org.springframework.core.ResolvableType::forType (115 bytes)

VM state:at safepoint (normal execution)

VM Mutex/Monitor currently owned by a thread:  ([mutex/lock_event])
[0x00007f055002bf40] Threads_lock - owner thread: 0x00007f055020c000

Heap address: 0x0000000707000000, size: 3984 MB, Compressed Oops mode: Zero based, Oop shift amount: 3
Narrow klass base: 0x0000000800000000, Narrow klass shift: 0
Compressed class space size: 1073741824 Address: 0x0000000800000000

Heap:
 garbage-first heap   total 307200K, used 22747K [0x0000000707000000, 0x0000000800000000)
  region size 1024K, 13 young (13312K), 8 survivors (8192K)
 Metaspace       used 34627K, capacity 35683K, committed 35840K, reserved 1081344K
  class space    used 3974K, capacity 4400K, committed 4480K, reserved 1048576K
Heap Regions: E=young(eden), S=young(survivor), O=old, HS=humongous(starts), HC=humongous(continues), CS=collection set, F=free, A=archive, TAMS=top-at-mark-start (previous, next)
|   0|0x0000000707000000, 0x0000000707100000, 0x0000000707100000|100%|HS|  |TAMS 0x0000000707100000, 0x0000000707000000| Complete 
|   1|0x0000000707100000, 0x0000000707200000, 0x0000000707200000|100%| O|  |TAMS 0x0000000707200000, 0x0000000707100000| Untracked 
|   2|0x0000000707200000, 0x0000000707300000, 0x0000000707300000|100%| O|  |TAMS 0x0000000707300000, 0x0000000707200000| Untracked 
|   3|0x0000000707300000, 0x0000000707400000, 0x0000000707400000|100%| O|  |TAMS 0x0000000707400000, 0x0000000707300000| Untracked 
|   4|0x0000000707400000, 0x0000000707500000, 0x0000000707500000|100%| O|  |TAMS 0x0000000707500000, 0x0000000707400000| Untracked 
|   5|0x0000000707500000, 0x0000000707600000, 0x0000000707600000|100%| O|  |TAMS 0x0000000707600000, 0x0000000707500000| Untracked 
|   6|0x0000000707600000, 0x0000000707700000, 0x0000000707700000|100%| O|  |TAMS 0x0000000707700000, 0x0000000707600000| Untracked 
|   7|0x0000000707700000, 0x0000000707800000, 0x0000000707800000|100%| O|  |TAMS 0x0000000707800000, 0x0000000707700000| Untracked 
|   8|0x0000000707800000, 0x0000000707900000, 0x0000000707900000|100%| O|  |TAMS 0x0000000707900000, 0x0000000707800000| Untracked 
|   9|0x0000000707900000, 0x0000000707a00000, 0x0000000707a00000|100%| O|  |TAMS 0x0000000707a00000, 0x0000000707900000| Untracked 
|  10|0x0000000707a00000, 0x0000000707a36e00, 0x0000000707b00000| 21%| O|  |TAMS 0x0000000707a36e00, 0x0000000707a00000| Untracked 
|  11|0x0000000707b00000, 0x0000000707b00000, 0x0000000707c00000|  0%| F|  |TAMS 0x0000000707b00000, 0x0000000707b00000| Untracked 
|  12|0x0000000707c00000, 0x0000000707c00000, 0x0000000707d00000|  0%| F|  |TAMS 0x0000000707c00000, 0x0000000707c00000| Untracked 
|  13|0x0000000707d00000, 0x0000000707d00000, 0x0000000707e00000|  0%| F|  |TAMS 0x0000000707d00000, 0x0000000707d00000| Untracked 
|  14|0x0000000707e00000, 0x0000000707e00000, 0x0000000707f00000|  0%| F|  |TAMS 0x0000000707e00000, 0x0000000707e00000| Untracked 
|  15|0x0000000707f00000, 0x0000000707f00000, 0x0000000708000000|  0%| F|  |TAMS 0x0000000707f00000, 0x0000000707f00000| Untracked 
|  16|0x0000000708000000, 0x0000000708000000, 0x0000000708100000|  0%| F|  |TAMS 0x0000000708000000, 0x0000000708000000| Untracked 
|  17|0x0000000708100000, 0x0000000708100000, 0x0000000708200000|  0%| F|  |TAMS 0x0000000708100000, 0x0000000708100000| Untracked 
|  18|0x0000000708200000, 0x0000000708200000, 0x0000000708300000|  0%| F|  |TAMS 0x0000000708200000, 0x0000000708200000| Untracked 
|  19|0x0000000708300000, 0x0000000708300000, 0x0000000708400000|  0%| F|  |TAMS 0x0000000708300000, 0x0000000708300000| Untracked 
|  20|0x0000000708400000, 0x0000000708400000, 0x0000000708500000|  0%| F|  |TAMS 0x0000000708400000, 0x0000000708400000| Untracked 
|  21|0x0000000708500000, 0x0000000708500000, 0x0000000708600000|  0%| F|  |TAMS 0x0000000708500000, 0x0000000708500000| Untracked 
|  22|0x0000000708600000, 0x0000000708600000, 0x0000000708700000|  0%| F|  |TAMS 0x0000000708600000, 0x0000000708600000| Untracked 
|  23|0x0000000708700000, 0x0000000708700000, 0x0000000708800000|  0%| F|  |TAMS 0x0000000708700000, 0x0000000708700000| Untracked 
|  24|0x0000000708800000, 0x0000000708800000, 0x0000000708900000|  0%| F|  |TAMS 0x0000000708800000, 0x0000000708800000| Untracked 
|  25|0x0000000708900000, 0x0000000708900000, 0x0000000708a00000|  0%| F|  |TAMS 0x0000000708900000, 0x0000000708900000| Untracked 
|  26|0x0000000708a00000, 0x0000000708a00000, 0x0000000708b00000|  0%| F|  |TAMS 0x0000000708a00000, 0x0000000708a00000| Untracked 
|  27|0x0000000708b00000, 0x0000000708b00000, 0x0000000708c00000|  0%| F|  |TAMS 0x0000000708b00000, 0x0000000708b00000| Untracked 
|  28|0x0000000708c00000, 0x0000000708c00000, 0x0000000708d00000|  0%| F|  |TAMS 0x0000000708c00000, 0x0000000708c00000| Untracked 
|  29|0x0000000708d00000, 0x0000000708d00000, 0x0000000708e00000|  0%| F|  |TAMS 0x0000000708d00000, 0x0000000708d00000| Untracked 
|  30|0x0000000708e00000, 0x0000000708e00000, 0x0000000708f00000|  0%| F|  |TAMS 0x0000000708e00000, 0x0000000708e00000| Untracked 
|  31|0x0000000708f00000, 0x0000000708f00000, 0x0000000709000000|  0%| F|  |TAMS 0x0000000708f00000, 0x0000000708f00000| Untracked 
|  32|0x0000000709000000, 0x0000000709000000, 0x0000000709100000|  0%| F|  |TAMS 0x0000000709000000, 0x0000000709000000| Untracked 
|  33|0x0000000709100000, 0x0000000709100000, 0x0000000709200000|  0%| F|  |TAMS 0x0000000709100000, 0x0000000709100000| Untracked 
|  34|0x0000000709200000, 0x0000000709200000, 0x0000000709300000|  0%| F|  |TAMS 0x0000000709200000, 0x0000000709200000| Untracked 
|  35|0x0000000709300000, 0x0000000709300000, 0x0000000709400000|  0%| F|  |TAMS 0x0000000709300000, 0x0000000709300000| Untracked 
|  36|0x0000000709400000, 0x0000000709400000, 0x0000000709500000|  0%| F|  |TAMS 0x0000000709400000, 0x0000000709400000| Untracked 
|  37|0x0000000709500000, 0x0000000709500000, 0x0000000709600000|  0%| F|  |TAMS 0x0000000709500000, 0x0000000709500000| Untracked 
|  38|0x0000000709600000, 0x0000000709600000, 0x0000000709700000|  0%| F|  |TAMS 0x0000000709600000, 0x0000000709600000| Untracked 
|  39|0x0000000709700000, 0x0000000709700000, 0x0000000709800000|  0%| F|  |TAMS 0x0000000709700000, 0x0000000709700000| Untracked 
|  40|0x0000000709800000, 0x0000000709800000, 0x0000000709900000|  0%| F|  |TAMS 0x0000000709800000, 0x0000000709800000| Untracked 
|  41|0x0000000709900000, 0x0000000709900000, 0x0000000709a00000|  0%| F|  |TAMS 0x0000000709900000, 0x0000000709900000| Untracked 
|  42|0x0000000709a00000, 0x0000000709a00000, 0x0000000709b00000|  0%| F|  |TAMS 0x0000000709a00000, 0x0000000709a00000| Untracked 
|  43|0x0000000709b00000, 0x0000000709b00000, 0x0000000709c00000|  0%| F|  |TAMS 0x0000000709b00000, 0x0000000709b00000| Untracked 
|  44|0x0000000709c00000, 0x0000000709c00000, 0x0000000709d00000|  0%| F|  |TAMS 0x0000000709c00000, 0x0000000709c00000| Untracked 
|  45|0x0000000709d00000, 0x0000000709d00000, 0x0000000709e00000|  0%| F|  |TAMS 0x0000000709d00000, 0x0000000709d00000| Untracked 
|  46|0x0000000709e00000, 0x0000000709e00000, 0x0000000709f00000|  0%| F|  |TAMS 0x0000000709e00000, 0x0000000709e00000| Untracked 
|  47|0x0000000709f00000, 0x0000000709f00000, 0x000000070a000000|  0%| F|  |TAMS 0x0000000709f00000, 0x0000000709f00000| Untracked 
|  48|0x000000070a000000, 0x000000070a000000, 0x000000070a100000|  0%| F|  |TAMS 0x000000070a000000, 0x000000070a000000| Untracked 
|  49|0x000000070a100000, 0x000000070a100000, 0x000000070a200000|  0%| F|  |TAMS 0x000000070a100000, 0x000000070a100000| Untracked 
|  50|0x000000070a200000, 0x000000070a200000, 0x000000070a300000|  0%| F|  |TAMS 0x000000070a200000, 0x000000070a200000| Untracked 
|  51|0x000000070a300000, 0x000000070a300000, 0x000000070a400000|  0%| F|  |TAMS 0x000000070a300000, 0x000000070a300000| Untracked 
|  52|0x000000070a400000, 0x000000070a400000, 0x000000070a500000|  0%| F|  |TAMS 0x000000070a400000, 0x000000070a400000| Untracked 
|  53|0x000000070a500000, 0x000000070a500000, 0x000000070a600000|  0%| F|  |TAMS 0x000000070a500000, 0x000000070a500000| Untracked 
|  54|0x000000070a600000, 0x000000070a600000, 0x000000070a700000|  0%| F|  |TAMS 0x000000070a600000, 0x000000070a600000| Untracked 
|  55|0x000000070a700000, 0x000000070a700000, 0x000000070a800000|  0%| F|  |TAMS 0x000000070a700000, 0x000000070a700000| Untracked 
|  56|0x000000070a800000, 0x000000070a800000, 0x000000070a900000|  0%| F|  |TAMS 0x000000070a800000, 0x000000070a800000| Untracked 
|  57|0x000000070a900000, 0x000000070a900000, 0x000000070aa00000|  0%| F|  |TAMS 0x000000070a900000, 0x000000070a900000| Untracked 
|  58|0x000000070aa00000, 0x000000070aa00000, 0x000000070ab00000|  0%| F|  |TAMS 0x000000070aa00000, 0x000000070aa00000| Untracked 
|  59|0x000000070ab00000, 0x000000070ab00000, 0x000000070ac00000|  0%| F|  |TAMS 0x000000070ab00000, 0x000000070ab00000| Untracked 
|  60|0x000000070ac00000, 0x000000070ac00000, 0x000000070ad00000|  0%| F|  |TAMS 0x000000070ac00000, 0x000000070ac00000| Untracked 
|  61|0x000000070ad00000, 0x000000070ad00000, 0x000000070ae00000|  0%| F|  |TAMS 0x000000070ad00000, 0x000000070ad00000| Untracked 
|  62|0x000000070ae00000, 0x000000070ae00000, 0x000000070af00000|  0%| F|  |TAMS 0x000000070ae00000, 0x000000070ae00000| Untracked 
|  63|0x000000070af00000, 0x000000070af00000, 0x000000070b000000|  0%| F|  |TAMS 0x000000070af00000, 0x000000070af00000| Untracked 
|  64|0x000000070b000000, 0x000000070b000000, 0x000000070b100000|  0%| F|  |TAMS 0x000000070b000000, 0x000000070b000000| Untracked 
|  65|0x000000070b100000, 0x000000070b100000, 0x000000070b200000|  0%| F|  |TAMS 0x000000070b100000, 0x000000070b100000| Untracked 
|  66|0x000000070b200000, 0x000000070b200000, 0x000000070b300000|  0%| F|  |TAMS 0x000000070b200000, 0x000000070b200000| Untracked 
|  67|0x000000070b300000, 0x000000070b300000, 0x000000070b400000|  0%| F|  |TAMS 0x000000070b300000, 0x000000070b300000| Untracked 
|  68|0x000000070b400000, 0x000000070b400000, 0x000000070b500000|  0%| F|  |TAMS 0x000000070b400000, 0x000000070b400000| Untracked 
|  69|0x000000070b500000, 0x000000070b500000, 0x000000070b600000|  0%| F|  |TAMS 0x000000070b500000, 0x000000070b500000| Untracked 
|  70|0x000000070b600000, 0x000000070b600000, 0x000000070b700000|  0%| F|  |TAMS 0x000000070b600000, 0x000000070b600000| Untracked 
|  71|0x000000070b700000, 0x000000070b700000, 0x000000070b800000|  0%| F|  |TAMS 0x000000070b700000, 0x000000070b700000| Untracked 
|  72|0x000000070b800000, 0x000000070b800000, 0x000000070b900000|  0%| F|  |TAMS 0x000000070b800000, 0x000000070b800000| Untracked 
|  73|0x000000070b900000, 0x000000070b900000, 0x000000070ba00000|  0%| F|  |TAMS 0x000000070b900000, 0x000000070b900000| Untracked 
|  74|0x000000070ba00000, 0x000000070ba00000, 0x000000070bb00000|  0%| F|  |TAMS 0x000000070ba00000, 0x000000070ba00000| Untracked 
|  75|0x000000070bb00000, 0x000000070bb00000, 0x000000070bc00000|  0%| F|  |TAMS 0x000000070bb00000, 0x000000070bb00000| Untracked 
|  76|0x000000070bc00000, 0x000000070bc00000, 0x000000070bd00000|  0%| F|  |TAMS 0x000000070bc00000, 0x000000070bc00000| Untracked 
|  77|0x000000070bd00000, 0x000000070bd00000, 0x000000070be00000|  0%| F|  |TAMS 0x000000070bd00000, 0x000000070bd00000| Untracked 
|  78|0x000000070be00000, 0x000000070be00000, 0x000000070bf00000|  0%| F|  |TAMS 0x000000070be00000, 0x000000070be00000| Untracked 
|  79|0x000000070bf00000, 0x000000070bf00000, 0x000000070c000000|  0%| F|  |TAMS 0x000000070bf00000, 0x000000070bf00000| Untracked 
|  80|0x000000070c000000, 0x000000070c000000, 0x000000070c100000|  0%| F|  |TAMS 0x000000070c000000, 0x000000070c000000| Untracked 
|  81|0x000000070c100000, 0x000000070c100000, 0x000000070c200000|  0%| F|  |TAMS 0x000000070c100000, 0x000000070c100000| Untracked 
|  82|0x000000070c200000, 0x000000070c200000, 0x000000070c300000|  0%| F|  |TAMS 0x000000070c200000, 0x000000070c200000| Untracked 
|  83|0x000000070c300000, 0x000000070c300000, 0x000000070c400000|  0%| F|  |TAMS 0x000000070c300000, 0x000000070c300000| Untracked 
|  84|0x000000070c400000, 0x000000070c400000, 0x000000070c500000|  0%| F|  |TAMS 0x000000070c400000, 0x000000070c400000| Untracked 
|  85|0x000000070c500000, 0x000000070c500000, 0x000000070c600000|  0%| F|  |TAMS 0x000000070c500000, 0x000000070c500000| Untracked 
|  86|0x000000070c600000, 0x000000070c600000, 0x000000070c700000|  0%| F|  |TAMS 0x000000070c600000, 0x000000070c600000| Untracked 
|  87|0x000000070c700000, 0x000000070c700000, 0x000000070c800000|  0%| F|  |TAMS 0x000000070c700000, 0x000000070c700000| Untracked 
|  88|0x000000070c800000, 0x000000070c800000, 0x000000070c900000|  0%| F|  |TAMS 0x000000070c800000, 0x000000070c800000| Untracked 
|  89|0x000000070c900000, 0x000000070c900000, 0x000000070ca00000|  0%| F|  |TAMS 0x000000070c900000, 0x000000070c900000| Untracked 
|  90|0x000000070ca00000, 0x000000070ca00000, 0x000000070cb00000|  0%| F|  |TAMS 0x000000070ca00000, 0x000000070ca00000| Untracked 
|  91|0x000000070cb00000, 0x000000070cb00000, 0x000000070cc00000|  0%| F|  |TAMS 0x000000070cb00000, 0x000000070cb00000| Untracked 
|  92|0x000000070cc00000, 0x000000070cc00000, 0x000000070cd00000|  0%| F|  |TAMS 0x000000070cc00000, 0x000000070cc00000| Untracked 
|  93|0x000000070cd00000, 0x000000070cd00000, 0x000000070ce00000|  0%| F|  |TAMS 0x000000070cd00000, 0x000000070cd00000| Untracked 
|  94|0x000000070ce00000, 0x000000070ce00000, 0x000000070cf00000|  0%| F|  |TAMS 0x000000070ce00000, 0x000000070ce00000| Untracked 
|  95|0x000000070cf00000, 0x000000070cf00000, 0x000000070d000000|  0%| F|  |TAMS 0x000000070cf00000, 0x000000070cf00000| Untracked 
|  96|0x000000070d000000, 0x000000070d000000, 0x000000070d100000|  0%| F|  |TAMS 0x000000070d000000, 0x000000070d000000| Untracked 
|  97|0x000000070d100000, 0x000000070d100000, 0x000000070d200000|  0%| F|  |TAMS 0x000000070d100000, 0x000000070d100000| Untracked 
|  98|0x000000070d200000, 0x000000070d200000, 0x000000070d300000|  0%| F|  |TAMS 0x000000070d200000, 0x000000070d200000| Untracked 
|  99|0x000000070d300000, 0x000000070d300000, 0x000000070d400000|  0%| F|  |TAMS 0x000000070d300000, 0x000000070d300000| Untracked 
| 100|0x000000070d400000, 0x000000070d400000, 0x000000070d500000|  0%| F|  |TAMS 0x000000070d400000, 0x000000070d400000| Untracked 
| 101|0x000000070d500000, 0x000000070d500000, 0x000000070d600000|  0%| F|  |TAMS 0x000000070d500000, 0x000000070d500000| Untracked 
| 102|0x000000070d600000, 0x000000070d600000, 0x000000070d700000|  0%| F|  |TAMS 0x000000070d600000, 0x000000070d600000| Untracked 
| 103|0x000000070d700000, 0x000000070d700000, 0x000000070d800000|  0%| F|  |TAMS 0x000000070d700000, 0x000000070d700000| Untracked 
| 104|0x000000070d800000, 0x000000070d800000, 0x000000070d900000|  0%| F|  |TAMS 0x000000070d800000, 0x000000070d800000| Untracked 
| 105|0x000000070d900000, 0x000000070d900000, 0x000000070da00000|  0%| F|  |TAMS 0x000000070d900000, 0x000000070d900000| Untracked 
| 106|0x000000070da00000, 0x000000070da00000, 0x000000070db00000|  0%| F|  |TAMS 0x000000070da00000, 0x000000070da00000| Untracked 
| 107|0x000000070db00000, 0x000000070db00000, 0x000000070dc00000|  0%| F|  |TAMS 0x000000070db00000, 0x000000070db00000| Untracked 
| 108|0x000000070dc00000, 0x000000070dc00000, 0x000000070dd00000|  0%| F|  |TAMS 0x000000070dc00000, 0x000000070dc00000| Untracked 
| 109|0x000000070dd00000, 0x000000070dd00000, 0x000000070de00000|  0%| F|  |TAMS 0x000000070dd00000, 0x000000070dd00000| Untracked 
| 110|0x000000070de00000, 0x000000070de00000, 0x000000070df00000|  0%| F|  |TAMS 0x000000070de00000, 0x000000070de00000| Untracked 
| 111|0x000000070df00000, 0x000000070df00000, 0x000000070e000000|  0%| F|  |TAMS 0x000000070df00000, 0x000000070df00000| Untracked 
| 112|0x000000070e000000, 0x000000070e000000, 0x000000070e100000|  0%| F|  |TAMS 0x000000070e000000, 0x000000070e000000| Untracked 
| 113|0x000000070e100000, 0x000000070e100000, 0x000000070e200000|  0%| F|  |TAMS 0x000000070e100000, 0x000000070e100000| Untracked 
| 114|0x000000070e200000, 0x000000070e200000, 0x000000070e300000|  0%| F|  |TAMS 0x000000070e200000, 0x000000070e200000| Untracked 
| 115|0x000000070e300000, 0x000000070e300000, 0x000000070e400000|  0%| F|  |TAMS 0x000000070e300000, 0x000000070e300000| Untracked 
| 116|0x000000070e400000, 0x000000070e400000, 0x000000070e500000|  0%| F|  |TAMS 0x000000070e400000, 0x000000070e400000| Untracked 
| 117|0x000000070e500000, 0x000000070e500000, 0x000000070e600000|  0%| F|  |TAMS 0x000000070e500000, 0x000000070e500000| Untracked 
| 118|0x000000070e600000, 0x000000070e600000, 0x000000070e700000|  0%| F|  |TAMS 0x000000070e600000, 0x000000070e600000| Untracked 
| 119|0x000000070e700000, 0x000000070e700000, 0x000000070e800000|  0%| F|  |TAMS 0x000000070e700000, 0x000000070e700000| Untracked 
| 120|0x000000070e800000, 0x000000070e800000, 0x000000070e900000|  0%| F|  |TAMS 0x000000070e800000, 0x000000070e800000| Untracked 
| 121|0x000000070e900000, 0x000000070e900000, 0x000000070ea00000|  0%| F|  |TAMS 0x000000070e900000, 0x000000070e900000| Untracked 
| 122|0x000000070ea00000, 0x000000070ea00000, 0x000000070eb00000|  0%| F|  |TAMS 0x000000070ea00000, 0x000000070ea00000| Untracked 
| 123|0x000000070eb00000, 0x000000070eb00000, 0x000000070ec00000|  0%| F|  |TAMS 0x000000070eb00000, 0x000000070eb00000| Untracked 
| 124|0x000000070ec00000, 0x000000070ec00000, 0x000000070ed00000|  0%| F|  |TAMS 0x000000070ec00000, 0x000000070ec00000| Untracked 
| 125|0x000000070ed00000, 0x000000070ed00000, 0x000000070ee00000|  0%| F|  |TAMS 0x000000070ed00000, 0x000000070ed00000| Untracked 
| 126|0x000000070ee00000, 0x000000070ee00000, 0x000000070ef00000|  0%| F|  |TAMS 0x000000070ee00000, 0x000000070ee00000| Untracked 
| 127|0x000000070ef00000, 0x000000070ef00000, 0x000000070f000000|  0%| F|  |TAMS 0x000000070ef00000, 0x000000070ef00000| Untracked 
| 128|0x000000070f000000, 0x000000070f000000, 0x000000070f100000|  0%| F|  |TAMS 0x000000070f000000, 0x000000070f000000| Untracked 
| 129|0x000000070f100000, 0x000000070f100000, 0x000000070f200000|  0%| F|  |TAMS 0x000000070f100000, 0x000000070f100000| Untracked 
| 130|0x000000070f200000, 0x000000070f200000, 0x000000070f300000|  0%| F|  |TAMS 0x000000070f200000, 0x000000070f200000| Untracked 
| 131|0x000000070f300000, 0x000000070f300000, 0x000000070f400000|  0%| F|  |TAMS 0x000000070f300000, 0x000000070f300000| Untracked 
| 132|0x000000070f400000, 0x000000070f400000, 0x000000070f500000|  0%| F|  |TAMS 0x000000070f400000, 0x000000070f400000| Untracked 
| 133|0x000000070f500000, 0x000000070f500000, 0x000000070f600000|  0%| F|  |TAMS 0x000000070f500000, 0x000000070f500000| Untracked 
| 134|0x000000070f600000, 0x000000070f600000, 0x000000070f700000|  0%| F|  |TAMS 0x000000070f600000, 0x000000070f600000| Untracked 
| 135|0x000000070f700000, 0x000000070f700000, 0x000000070f800000|  0%| F|  |TAMS 0x000000070f700000, 0x000000070f700000| Untracked 
| 136|0x000000070f800000, 0x000000070f800000, 0x000000070f900000|  0%| F|  |TAMS 0x000000070f800000, 0x000000070f800000| Untracked 
| 137|0x000000070f900000, 0x000000070f900000, 0x000000070fa00000|  0%| F|  |TAMS 0x000000070f900000, 0x000000070f900000| Untracked 
| 138|0x000000070fa00000, 0x000000070fa00000, 0x000000070fb00000|  0%| F|  |TAMS 0x000000070fa00000, 0x000000070fa00000| Untracked 
| 139|0x000000070fb00000, 0x000000070fb00000, 0x000000070fc00000|  0%| F|  |TAMS 0x000000070fb00000, 0x000000070fb00000| Untracked 
| 140|0x000000070fc00000, 0x000000070fc00000, 0x000000070fd00000|  0%| F|  |TAMS 0x000000070fc00000, 0x000000070fc00000| Untracked 
| 141|0x000000070fd00000, 0x000000070fd00000, 0x000000070fe00000|  0%| F|  |TAMS 0x000000070fd00000, 0x000000070fd00000| Untracked 
| 142|0x000000070fe00000, 0x000000070fe00000, 0x000000070ff00000|  0%| F|  |TAMS 0x000000070fe00000, 0x000000070fe00000| Untracked 
| 143|0x000000070ff00000, 0x000000070ff00000, 0x0000000710000000|  0%| F|  |TAMS 0x000000070ff00000, 0x000000070ff00000| Untracked 
| 144|0x0000000710000000, 0x0000000710000000, 0x0000000710100000|  0%| F|  |TAMS 0x0000000710000000, 0x0000000710000000| Untracked 
| 145|0x0000000710100000, 0x0000000710100000, 0x0000000710200000|  0%| F|  |TAMS 0x0000000710100000, 0x0000000710100000| Untracked 
| 146|0x0000000710200000, 0x0000000710200000, 0x0000000710300000|  0%| F|  |TAMS 0x0000000710200000, 0x0000000710200000| Untracked 
| 147|0x0000000710300000, 0x0000000710300000, 0x0000000710400000|  0%| F|  |TAMS 0x0000000710300000, 0x0000000710300000| Untracked 
| 148|0x0000000710400000, 0x0000000710400000, 0x0000000710500000|  0%| F|  |TAMS 0x0000000710400000, 0x0000000710400000| Untracked 
| 149|0x0000000710500000, 0x0000000710500000, 0x0000000710600000|  0%| F|  |TAMS 0x0000000710500000, 0x0000000710500000| Untracked 
| 150|0x0000000710600000, 0x0000000710600000, 0x0000000710700000|  0%| F|  |TAMS 0x0000000710600000, 0x0000000710600000| Untracked 
| 151|0x0000000710700000, 0x0000000710700000, 0x0000000710800000|  0%| F|  |TAMS 0x0000000710700000, 0x0000000710700000| Untracked 
| 152|0x0000000710800000, 0x0000000710800000, 0x0000000710900000|  0%| F|  |TAMS 0x0000000710800000, 0x0000000710800000| Untracked 
| 153|0x0000000710900000, 0x0000000710900000, 0x0000000710a00000|  0%| F|  |TAMS 0x0000000710900000, 0x0000000710900000| Untracked 
| 154|0x0000000710a00000, 0x0000000710a00000, 0x0000000710b00000|  0%| F|  |TAMS 0x0000000710a00000, 0x0000000710a00000| Untracked 
| 155|0x0000000710b00000, 0x0000000710b00000, 0x0000000710c00000|  0%| F|  |TAMS 0x0000000710b00000, 0x0000000710b00000| Untracked 
| 156|0x0000000710c00000, 0x0000000710c00000, 0x0000000710d00000|  0%| F|  |TAMS 0x0000000710c00000, 0x0000000710c00000| Untracked 
| 157|0x0000000710d00000, 0x0000000710d00000, 0x0000000710e00000|  0%| F|  |TAMS 0x0000000710d00000, 0x0000000710d00000| Untracked 
| 158|0x0000000710e00000, 0x0000000710e00000, 0x0000000710f00000|  0%| F|  |TAMS 0x0000000710e00000, 0x0000000710e00000| Untracked 
| 159|0x0000000710f00000, 0x0000000710f00000, 0x0000000711000000|  0%| F|  |TAMS 0x0000000710f00000, 0x0000000710f00000| Untracked 
| 160|0x0000000711000000, 0x0000000711000000, 0x0000000711100000|  0%| F|  |TAMS 0x0000000711000000, 0x0000000711000000| Untracked 
| 161|0x0000000711100000, 0x0000000711100000, 0x0000000711200000|  0%| F|  |TAMS 0x0000000711100000, 0x0000000711100000| Untracked 
| 162|0x0000000711200000, 0x0000000711200000, 0x0000000711300000|  0%| F|  |TAMS 0x0000000711200000, 0x0000000711200000| Untracked 
| 163|0x0000000711300000, 0x0000000711300000, 0x0000000711400000|  0%| F|  |TAMS 0x0000000711300000, 0x0000000711300000| Untracked 
| 164|0x0000000711400000, 0x0000000711500000, 0x0000000711500000|100%| S|CS|TAMS 0x0000000711400000, 0x0000000711400000| Complete 
| 165|0x0000000711500000, 0x0000000711600000, 0x0000000711600000|100%| S|CS|TAMS 0x0000000711500000, 0x0000000711500000| Complete 
| 166|0x0000000711600000, 0x0000000711700000, 0x0000000711700000|100%| S|CS|TAMS 0x0000000711600000, 0x0000000711600000| Complete 
| 167|0x0000000711700000, 0x0000000711800000, 0x0000000711800000|100%| S|CS|TAMS 0x0000000711700000, 0x0000000711700000| Complete 
| 168|0x0000000711800000, 0x0000000711900000, 0x0000000711900000|100%| S|CS|TAMS 0x0000000711800000, 0x0000000711800000| Complete 
| 169|0x0000000711900000, 0x0000000711a00000, 0x0000000711a00000|100%| S|CS|TAMS 0x0000000711900000, 0x0000000711900000| Complete 
| 170|0x0000000711a00000, 0x0000000711b00000, 0x0000000711b00000|100%| S|CS|TAMS 0x0000000711a00000, 0x0000000711a00000| Complete 
| 171|0x0000000711b00000, 0x0000000711c00000, 0x0000000711c00000|100%| S|CS|TAMS 0x0000000711b00000, 0x0000000711b00000| Complete 
| 172|0x0000000711c00000, 0x0000000711c00000, 0x0000000711d00000|  0%| F|  |TAMS 0x0000000711c00000, 0x0000000711c00000| Untracked 
| 173|0x0000000711d00000, 0x0000000711d00000, 0x0000000711e00000|  0%| F|  |TAMS 0x0000000711d00000, 0x0000000711d00000| Untracked 
| 174|0x0000000711e00000, 0x0000000711e00000, 0x0000000711f00000|  0%| F|  |TAMS 0x0000000711e00000, 0x0000000711e00000| Untracked 
| 175|0x0000000711f00000, 0x0000000711f00000, 0x0000000712000000|  0%| F|  |TAMS 0x0000000711f00000, 0x0000000711f00000| Untracked 
| 176|0x0000000712000000, 0x0000000712000000, 0x0000000712100000|  0%| F|  |TAMS 0x0000000712000000, 0x0000000712000000| Untracked 
| 177|0x0000000712100000, 0x0000000712100000, 0x0000000712200000|  0%| F|  |TAMS 0x0000000712100000, 0x0000000712100000| Untracked 
| 178|0x0000000712200000, 0x0000000712200000, 0x0000000712300000|  0%| F|  |TAMS 0x0000000712200000, 0x0000000712200000| Untracked 
| 179|0x0000000712300000, 0x0000000712300000, 0x0000000712400000|  0%| F|  |TAMS 0x0000000712300000, 0x0000000712300000| Untracked 
| 180|0x0000000712400000, 0x0000000712400000, 0x0000000712500000|  0%| F|  |TAMS 0x0000000712400000, 0x0000000712400000| Untracked 
| 181|0x0000000712500000, 0x0000000712500000, 0x0000000712600000|  0%| F|  |TAMS 0x0000000712500000, 0x0000000712500000| Untracked 
| 182|0x0000000712600000, 0x0000000712600000, 0x0000000712700000|  0%| F|  |TAMS 0x0000000712600000, 0x0000000712600000| Untracked 
| 183|0x0000000712700000, 0x0000000712700000, 0x0000000712800000|  0%| F|  |TAMS 0x0000000712700000, 0x0000000712700000| Untracked 
| 184|0x0000000712800000, 0x0000000712800000, 0x0000000712900000|  0%| F|  |TAMS 0x0000000712800000, 0x0000000712800000| Untracked 
| 185|0x0000000712900000, 0x0000000712900000, 0x0000000712a00000|  0%| F|  |TAMS 0x0000000712900000, 0x0000000712900000| Untracked 
| 186|0x0000000712a00000, 0x0000000712a00000, 0x0000000712b00000|  0%| F|  |TAMS 0x0000000712a00000, 0x0000000712a00000| Untracked 
| 187|0x0000000712b00000, 0x0000000712b00000, 0x0000000712c00000|  0%| F|  |TAMS 0x0000000712b00000, 0x0000000712b00000| Untracked 
| 188|0x0000000712c00000, 0x0000000712c00000, 0x0000000712d00000|  0%| F|  |TAMS 0x0000000712c00000, 0x0000000712c00000| Untracked 
| 189|0x0000000712d00000, 0x0000000712d00000, 0x0000000712e00000|  0%| F|  |TAMS 0x0000000712d00000, 0x0000000712d00000| Untracked 
| 190|0x0000000712e00000, 0x0000000712e00000, 0x0000000712f00000|  0%| F|  |TAMS 0x0000000712e00000, 0x0000000712e00000| Untracked 
| 191|0x0000000712f00000, 0x0000000712f00000, 0x0000000713000000|  0%| F|  |TAMS 0x0000000712f00000, 0x0000000712f00000| Untracked 
| 192|0x0000000713000000, 0x0000000713000000, 0x0000000713100000|  0%| F|  |TAMS 0x0000000713000000, 0x0000000713000000| Untracked 
| 193|0x0000000713100000, 0x0000000713100000, 0x0000000713200000|  0%| F|  |TAMS 0x0000000713100000, 0x0000000713100000| Untracked 
| 194|0x0000000713200000, 0x0000000713200000, 0x0000000713300000|  0%| F|  |TAMS 0x0000000713200000, 0x0000000713200000| Untracked 
| 195|0x0000000713300000, 0x0000000713300000, 0x0000000713400000|  0%| F|  |TAMS 0x0000000713300000, 0x0000000713300000| Untracked 
| 196|0x0000000713400000, 0x0000000713400000, 0x0000000713500000|  0%| F|  |TAMS 0x0000000713400000, 0x0000000713400000| Untracked 
| 197|0x0000000713500000, 0x0000000713500000, 0x0000000713600000|  0%| F|  |TAMS 0x0000000713500000, 0x0000000713500000| Untracked 
| 198|0x0000000713600000, 0x0000000713600000, 0x0000000713700000|  0%| F|  |TAMS 0x0000000713600000, 0x0000000713600000| Untracked 
| 199|0x0000000713700000, 0x0000000713700000, 0x0000000713800000|  0%| F|  |TAMS 0x0000000713700000, 0x0000000713700000| Untracked 
| 200|0x0000000713800000, 0x0000000713800000, 0x0000000713900000|  0%| F|  |TAMS 0x0000000713800000, 0x0000000713800000| Untracked 
| 201|0x0000000713900000, 0x0000000713900000, 0x0000000713a00000|  0%| F|  |TAMS 0x0000000713900000, 0x0000000713900000| Untracked 
| 202|0x0000000713a00000, 0x0000000713a00000, 0x0000000713b00000|  0%| F|  |TAMS 0x0000000713a00000, 0x0000000713a00000| Untracked 
| 203|0x0000000713b00000, 0x0000000713b00000, 0x0000000713c00000|  0%| F|  |TAMS 0x0000000713b00000, 0x0000000713b00000| Untracked 
| 204|0x0000000713c00000, 0x0000000713c00000, 0x0000000713d00000|  0%| F|  |TAMS 0x0000000713c00000, 0x0000000713c00000| Untracked 
| 205|0x0000000713d00000, 0x0000000713d00000, 0x0000000713e00000|  0%| F|  |TAMS 0x0000000713d00000, 0x0000000713d00000| Untracked 
| 206|0x0000000713e00000, 0x0000000713e00000, 0x0000000713f00000|  0%| F|  |TAMS 0x0000000713e00000, 0x0000000713e00000| Untracked 
| 207|0x0000000713f00000, 0x0000000713f00000, 0x0000000714000000|  0%| F|  |TAMS 0x0000000713f00000, 0x0000000713f00000| Untracked 
| 208|0x0000000714000000, 0x0000000714000000, 0x0000000714100000|  0%| F|  |TAMS 0x0000000714000000, 0x0000000714000000| Untracked 
| 209|0x0000000714100000, 0x0000000714100000, 0x0000000714200000|  0%| F|  |TAMS 0x0000000714100000, 0x0000000714100000| Untracked 
| 210|0x0000000714200000, 0x0000000714200000, 0x0000000714300000|  0%| F|  |TAMS 0x0000000714200000, 0x0000000714200000| Untracked 
| 211|0x0000000714300000, 0x0000000714300000, 0x0000000714400000|  0%| F|  |TAMS 0x0000000714300000, 0x0000000714300000| Untracked 
| 212|0x0000000714400000, 0x0000000714400000, 0x0000000714500000|  0%| F|  |TAMS 0x0000000714400000, 0x0000000714400000| Untracked 
| 213|0x0000000714500000, 0x0000000714500000, 0x0000000714600000|  0%| F|  |TAMS 0x0000000714500000, 0x0000000714500000| Untracked 
| 214|0x0000000714600000, 0x0000000714600000, 0x0000000714700000|  0%| F|  |TAMS 0x0000000714600000, 0x0000000714600000| Untracked 
| 215|0x0000000714700000, 0x0000000714700000, 0x0000000714800000|  0%| F|  |TAMS 0x0000000714700000, 0x0000000714700000| Untracked 
| 216|0x0000000714800000, 0x0000000714800000, 0x0000000714900000|  0%| F|  |TAMS 0x0000000714800000, 0x0000000714800000| Untracked 
| 217|0x0000000714900000, 0x0000000714900000, 0x0000000714a00000|  0%| F|  |TAMS 0x0000000714900000, 0x0000000714900000| Untracked 
| 218|0x0000000714a00000, 0x0000000714a00000, 0x0000000714b00000|  0%| F|  |TAMS 0x0000000714a00000, 0x0000000714a00000| Untracked 
| 219|0x0000000714b00000, 0x0000000714b00000, 0x0000000714c00000|  0%| F|  |TAMS 0x0000000714b00000, 0x0000000714b00000| Untracked 
| 220|0x0000000714c00000, 0x0000000714c00000, 0x0000000714d00000|  0%| F|  |TAMS 0x0000000714c00000, 0x0000000714c00000| Untracked 
| 221|0x0000000714d00000, 0x0000000714d00000, 0x0000000714e00000|  0%| F|  |TAMS 0x0000000714d00000, 0x0000000714d00000| Untracked 
| 222|0x0000000714e00000, 0x0000000714e00000, 0x0000000714f00000|  0%| F|  |TAMS 0x0000000714e00000, 0x0000000714e00000| Untracked 
| 223|0x0000000714f00000, 0x0000000714f00000, 0x0000000715000000|  0%| F|  |TAMS 0x0000000714f00000, 0x0000000714f00000| Untracked 
| 224|0x0000000715000000, 0x0000000715000000, 0x0000000715100000|  0%| F|  |TAMS 0x0000000715000000, 0x0000000715000000| Untracked 
| 225|0x0000000715100000, 0x0000000715100000, 0x0000000715200000|  0%| F|  |TAMS 0x0000000715100000, 0x0000000715100000| Untracked 
| 226|0x0000000715200000, 0x0000000715200000, 0x0000000715300000|  0%| F|  |TAMS 0x0000000715200000, 0x0000000715200000| Untracked 
| 227|0x0000000715300000, 0x0000000715300000, 0x0000000715400000|  0%| F|  |TAMS 0x0000000715300000, 0x0000000715300000| Untracked 
| 228|0x0000000715400000, 0x0000000715400000, 0x0000000715500000|  0%| F|  |TAMS 0x0000000715400000, 0x0000000715400000| Untracked 
| 229|0x0000000715500000, 0x0000000715500000, 0x0000000715600000|  0%| F|  |TAMS 0x0000000715500000, 0x0000000715500000| Untracked 
| 230|0x0000000715600000, 0x0000000715600000, 0x0000000715700000|  0%| F|  |TAMS 0x0000000715600000, 0x0000000715600000| Untracked 
| 231|0x0000000715700000, 0x0000000715700000, 0x0000000715800000|  0%| F|  |TAMS 0x0000000715700000, 0x0000000715700000| Untracked 
| 232|0x0000000715800000, 0x0000000715800000, 0x0000000715900000|  0%| F|  |TAMS 0x0000000715800000, 0x0000000715800000| Untracked 
| 233|0x0000000715900000, 0x0000000715900000, 0x0000000715a00000|  0%| F|  |TAMS 0x0000000715900000, 0x0000000715900000| Untracked 
| 234|0x0000000715a00000, 0x0000000715a00000, 0x0000000715b00000|  0%| F|  |TAMS 0x0000000715a00000, 0x0000000715a00000| Untracked 
| 235|0x0000000715b00000, 0x0000000715b00000, 0x0000000715c00000|  0%| F|  |TAMS 0x0000000715b00000, 0x0000000715b00000| Untracked 
| 236|0x0000000715c00000, 0x0000000715c00000, 0x0000000715d00000|  0%| F|  |TAMS 0x0000000715c00000, 0x0000000715c00000| Untracked 
| 237|0x0000000715d00000, 0x0000000715d00000, 0x0000000715e00000|  0%| F|  |TAMS 0x0000000715d00000, 0x0000000715d00000| Untracked 
| 238|0x0000000715e00000, 0x0000000715e00000, 0x0000000715f00000|  0%| F|  |TAMS 0x0000000715e00000, 0x0000000715e00000| Untracked 
| 239|0x0000000715f00000, 0x0000000715f00000, 0x0000000716000000|  0%| F|  |TAMS 0x0000000715f00000, 0x0000000715f00000| Untracked 
| 240|0x0000000716000000, 0x0000000716000000, 0x0000000716100000|  0%| F|  |TAMS 0x0000000716000000, 0x0000000716000000| Untracked 
| 241|0x0000000716100000, 0x0000000716100000, 0x0000000716200000|  0%| F|  |TAMS 0x0000000716100000, 0x0000000716100000| Untracked 
| 242|0x0000000716200000, 0x0000000716200000, 0x0000000716300000|  0%| F|  |TAMS 0x0000000716200000, 0x0000000716200000| Untracked 
| 243|0x0000000716300000, 0x0000000716300000, 0x0000000716400000|  0%| F|  |TAMS 0x0000000716300000, 0x0000000716300000| Untracked 
| 244|0x0000000716400000, 0x0000000716400000, 0x0000000716500000|  0%| F|  |TAMS 0x0000000716400000, 0x0000000716400000| Untracked 
| 245|0x0000000716500000, 0x0000000716500000, 0x0000000716600000|  0%| F|  |TAMS 0x0000000716500000, 0x0000000716500000| Untracked 
| 246|0x0000000716600000, 0x0000000716600000, 0x0000000716700000|  0%| F|  |TAMS 0x0000000716600000, 0x0000000716600000| Untracked 
| 247|0x0000000716700000, 0x0000000716700000, 0x0000000716800000|  0%| F|  |TAMS 0x0000000716700000, 0x0000000716700000| Untracked 
| 248|0x0000000716800000, 0x0000000716800000, 0x0000000716900000|  0%| F|  |TAMS 0x0000000716800000, 0x0000000716800000| Untracked 
| 249|0x0000000716900000, 0x0000000716900000, 0x0000000716a00000|  0%| F|  |TAMS 0x0000000716900000, 0x0000000716900000| Untracked 
| 250|0x0000000716a00000, 0x0000000716a00000, 0x0000000716b00000|  0%| F|  |TAMS 0x0000000716a00000, 0x0000000716a00000| Untracked 
| 251|0x0000000716b00000, 0x0000000716b00000, 0x0000000716c00000|  0%| F|  |TAMS 0x0000000716b00000, 0x0000000716b00000| Untracked 
| 252|0x0000000716c00000, 0x0000000716c00000, 0x0000000716d00000|  0%| F|  |TAMS 0x0000000716c00000, 0x0000000716c00000| Untracked 
| 253|0x0000000716d00000, 0x0000000716d00000, 0x0000000716e00000|  0%| F|  |TAMS 0x0000000716d00000, 0x0000000716d00000| Untracked 
| 254|0x0000000716e00000, 0x0000000716e00000, 0x0000000716f00000|  0%| F|  |TAMS 0x0000000716e00000, 0x0000000716e00000| Untracked 
| 255|0x0000000716f00000, 0x0000000716f00000, 0x0000000717000000|  0%| F|  |TAMS 0x0000000716f00000, 0x0000000716f00000| Untracked 
| 256|0x0000000717000000, 0x0000000717000000, 0x0000000717100000|  0%| F|  |TAMS 0x0000000717000000, 0x0000000717000000| Untracked 
| 257|0x0000000717100000, 0x0000000717100000, 0x0000000717200000|  0%| F|  |TAMS 0x0000000717100000, 0x0000000717100000| Untracked 
| 258|0x0000000717200000, 0x0000000717200000, 0x0000000717300000|  0%| F|  |TAMS 0x0000000717200000, 0x0000000717200000| Untracked 
| 259|0x0000000717300000, 0x0000000717300000, 0x0000000717400000|  0%| F|  |TAMS 0x0000000717300000, 0x0000000717300000| Untracked 
| 260|0x0000000717400000, 0x0000000717400000, 0x0000000717500000|  0%| F|  |TAMS 0x0000000717400000, 0x0000000717400000| Untracked 
| 261|0x0000000717500000, 0x0000000717500000, 0x0000000717600000|  0%| F|  |TAMS 0x0000000717500000, 0x0000000717500000| Untracked 
| 262|0x0000000717600000, 0x0000000717600000, 0x0000000717700000|  0%| F|  |TAMS 0x0000000717600000, 0x0000000717600000| Untracked 
| 263|0x0000000717700000, 0x0000000717700000, 0x0000000717800000|  0%| F|  |TAMS 0x0000000717700000, 0x0000000717700000| Untracked 
| 264|0x0000000717800000, 0x0000000717800000, 0x0000000717900000|  0%| F|  |TAMS 0x0000000717800000, 0x0000000717800000| Untracked 
| 265|0x0000000717900000, 0x0000000717900000, 0x0000000717a00000|  0%| F|  |TAMS 0x0000000717900000, 0x0000000717900000| Untracked 
| 266|0x0000000717a00000, 0x0000000717a00000, 0x0000000717b00000|  0%| F|  |TAMS 0x0000000717a00000, 0x0000000717a00000| Untracked 
| 267|0x0000000717b00000, 0x0000000717b00000, 0x0000000717c00000|  0%| F|  |TAMS 0x0000000717b00000, 0x0000000717b00000| Untracked 
| 268|0x0000000717c00000, 0x0000000717c00000, 0x0000000717d00000|  0%| F|  |TAMS 0x0000000717c00000, 0x0000000717c00000| Untracked 
| 269|0x0000000717d00000, 0x0000000717d00000, 0x0000000717e00000|  0%| F|  |TAMS 0x0000000717d00000, 0x0000000717d00000| Untracked 
| 270|0x0000000717e00000, 0x0000000717e00000, 0x0000000717f00000|  0%| F|  |TAMS 0x0000000717e00000, 0x0000000717e00000| Untracked 
| 271|0x0000000717f00000, 0x0000000717f00000, 0x0000000718000000|  0%| F|  |TAMS 0x0000000717f00000, 0x0000000717f00000| Untracked 
| 272|0x0000000718000000, 0x0000000718000000, 0x0000000718100000|  0%| F|  |TAMS 0x0000000718000000, 0x0000000718000000| Untracked 
| 273|0x0000000718100000, 0x0000000718100000, 0x0000000718200000|  0%| F|  |TAMS 0x0000000718100000, 0x0000000718100000| Untracked 
| 274|0x0000000718200000, 0x0000000718200000, 0x0000000718300000|  0%| F|  |TAMS 0x0000000718200000, 0x0000000718200000| Untracked 
| 275|0x0000000718300000, 0x0000000718300000, 0x0000000718400000|  0%| F|  |TAMS 0x0000000718300000, 0x0000000718300000| Untracked 
| 276|0x0000000718400000, 0x0000000718400000, 0x0000000718500000|  0%| F|  |TAMS 0x0000000718400000, 0x0000000718400000| Untracked 
| 277|0x0000000718500000, 0x0000000718500000, 0x0000000718600000|  0%| F|  |TAMS 0x0000000718500000, 0x0000000718500000| Untracked 
| 278|0x0000000718600000, 0x0000000718600000, 0x0000000718700000|  0%| F|  |TAMS 0x0000000718600000, 0x0000000718600000| Untracked 
| 279|0x0000000718700000, 0x0000000718700000, 0x0000000718800000|  0%| F|  |TAMS 0x0000000718700000, 0x0000000718700000| Untracked 
| 280|0x0000000718800000, 0x0000000718800000, 0x0000000718900000|  0%| F|  |TAMS 0x0000000718800000, 0x0000000718800000| Untracked 
| 281|0x0000000718900000, 0x0000000718900000, 0x0000000718a00000|  0%| F|  |TAMS 0x0000000718900000, 0x0000000718900000| Untracked 
| 282|0x0000000718a00000, 0x0000000718a00000, 0x0000000718b00000|  0%| F|  |TAMS 0x0000000718a00000, 0x0000000718a00000| Untracked 
| 283|0x0000000718b00000, 0x0000000718b00000, 0x0000000718c00000|  0%| F|  |TAMS 0x0000000718b00000, 0x0000000718b00000| Untracked 
| 284|0x0000000718c00000, 0x0000000718c00000, 0x0000000718d00000|  0%| F|  |TAMS 0x0000000718c00000, 0x0000000718c00000| Untracked 
| 285|0x0000000718d00000, 0x0000000718d00000, 0x0000000718e00000|  0%| F|  |TAMS 0x0000000718d00000, 0x0000000718d00000| Untracked 
| 286|0x0000000718e00000, 0x0000000718e00000, 0x0000000718f00000|  0%| F|  |TAMS 0x0000000718e00000, 0x0000000718e00000| Untracked 
| 287|0x0000000718f00000, 0x0000000718f00000, 0x0000000719000000|  0%| F|  |TAMS 0x0000000718f00000, 0x0000000718f00000| Untracked 
| 288|0x0000000719000000, 0x0000000719000000, 0x0000000719100000|  0%| F|  |TAMS 0x0000000719000000, 0x0000000719000000| Untracked 
| 289|0x0000000719100000, 0x0000000719100000, 0x0000000719200000|  0%| F|  |TAMS 0x0000000719100000, 0x0000000719100000| Untracked 
| 290|0x0000000719200000, 0x0000000719200000, 0x0000000719300000|  0%| F|  |TAMS 0x0000000719200000, 0x0000000719200000| Untracked 
| 291|0x0000000719300000, 0x0000000719300000, 0x0000000719400000|  0%| F|  |TAMS 0x0000000719300000, 0x0000000719300000| Untracked 
| 292|0x0000000719400000, 0x0000000719400000, 0x0000000719500000|  0%| F|  |TAMS 0x0000000719400000, 0x0000000719400000| Untracked 
| 293|0x0000000719500000, 0x0000000719500000, 0x0000000719600000|  0%| F|  |TAMS 0x0000000719500000, 0x0000000719500000| Untracked 
| 294|0x0000000719600000, 0x0000000719600000, 0x0000000719700000|  0%| F|  |TAMS 0x0000000719600000, 0x0000000719600000| Untracked 
| 295|0x0000000719700000, 0x0000000719800000, 0x0000000719800000|100%| E|  |TAMS 0x0000000719700000, 0x0000000719700000| Complete 
| 296|0x0000000719800000, 0x0000000719900000, 0x0000000719900000|100%| E|CS|TAMS 0x0000000719800000, 0x0000000719800000| Complete 
| 297|0x0000000719900000, 0x0000000719a00000, 0x0000000719a00000|100%| E|CS|TAMS 0x0000000719900000, 0x0000000719900000| Complete 
| 298|0x0000000719a00000, 0x0000000719b00000, 0x0000000719b00000|100%| E|CS|TAMS 0x0000000719a00000, 0x0000000719a00000| Complete 
| 299|0x0000000719b00000, 0x0000000719c00000, 0x0000000719c00000|100%| E|CS|TAMS 0x0000000719b00000, 0x0000000719b00000| Complete 

Card table byte_map: [0x00007f0532d6d000,0x00007f0533535000] _byte_map_base: 0x00007f052f535000

Marking Bits (Prev, Next): (CMBitMap*) 0x00007f0550094f20, (CMBitMap*) 0x00007f0550094ee8
 Prev Bits: [0x00007f052a925000, 0x00007f052e765000)
 Next Bits: [0x00007f052e765000, 0x00007f05325a5000)

Polling page: 0x00007f0556734000

Metaspace:

Usage:
  Non-class:     30,55 MB capacity,    29,93 MB ( 98%) used,   501,51 KB (  2%) free+waste,   128,56 KB ( <1%) overhead. 
      Class:      4,30 MB capacity,     3,88 MB ( 90%) used,   364,80 KB (  8%) free+waste,    60,44 KB (  1%) overhead. 
       Both:     34,85 MB capacity,    33,82 MB ( 97%) used,   866,30 KB (  2%) free+waste,   189,00 KB ( <1%) overhead. 

Virtual space:
  Non-class space:       32,00 MB reserved,      30,62 MB ( 96%) committed 
      Class space:        1,00 GB reserved,       4,38 MB ( <1%) committed 
             Both:        1,03 GB reserved,      35,00 MB (  3%) committed 

Chunk freelists:
   Non-Class:  21,00 KB
       Class:  16,00 KB
        Both:  37,00 KB

MaxMetaspaceSize: unlimited
CompressedClassSpaceSize: 1,00 GB

CodeHeap 'non-profiled nmethods': size=120032Kb used=1890Kb max_used=1890Kb free=118141Kb
 bounds [0x00007f054035a000, 0x00007f05405ca000, 0x00007f0547892000]
CodeHeap 'profiled nmethods': size=120028Kb used=8554Kb max_used=8554Kb free=111474Kb
 bounds [0x00007f0538e23000, 0x00007f0539683000, 0x00007f054035a000]
CodeHeap 'non-nmethods': size=5700Kb used=1194Kb max_used=1245Kb free=4506Kb
 bounds [0x00007f0538892000, 0x00007f0538b02000, 0x00007f0538e23000]
 total_blobs=4109 nmethods=3651 adapters=378
 compilation: enabled
              stopped_count=0, restarted_count=0
 full_count=0

Compilation events (20 events):
Event: 3,440 Thread 0x00007f0550233800 nmethod 3653 0x00007f0539669b90 code [0x00007f0539669d40, 0x00007f0539669f50]
Event: 3,445 Thread 0x00007f0550233800 3654       3       sun.reflect.annotation.AnnotationParser::contains (36 bytes)
Event: 3,445 Thread 0x00007f0550233800 nmethod 3654 0x00007f053966a010 code [0x00007f053966a1c0, 0x00007f053966a3b0]
Event: 3,446 Thread 0x00007f0550233800 3656       3       java.lang.reflect.Proxy$ProxyBuilder::getElementType (19 bytes)
Event: 3,447 Thread 0x00007f0550233800 nmethod 3656 0x00007f053966a490 code [0x00007f053966a660, 0x00007f053966a910]
Event: 3,447 Thread 0x00007f0550233800 3655       3       java.lang.reflect.Proxy$ProxyBuilder::addElementType (19 bytes)
Event: 3,448 Thread 0x00007f0550233800 nmethod 3655 0x00007f053966aa90 code [0x00007f053966acc0, 0x00007f053966b490]
Event: 3,448 Thread 0x00007f0550233800 3657       3       java.util.HashMap$Values::iterator (12 bytes)
Event: 3,448 Thread 0x00007f0550233800 nmethod 3657 0x00007f053966b790 code [0x00007f053966b960, 0x00007f053966bbe0]
Event: 3,448 Thread 0x00007f0550233800 3658       3       java.lang.reflect.ProxyGenerator$ProxyMethod::generateMethod (733 bytes)
Event: 3,459 Thread 0x00007f0550233800 nmethod 3658 0x00007f053966bd10 code [0x00007f053966cae0, 0x00007f0539675a20]
Event: 3,459 Thread 0x00007f0550233800 3659       3       java.lang.reflect.ProxyGenerator::codeClassForName (41 bytes)
Event: 3,461 Thread 0x00007f0550233800 nmethod 3659 0x00007f0539679610 code [0x00007f05396799a0, 0x00007f053967adf0]
Event: 3,461 Thread 0x00007f0550233800 3661       3       java.util.LinkedList$LLSpliterator::tryAdvance (84 bytes)
Event: 3,461 Thread 0x00007f0550233800 nmethod 3661 0x00007f053967b710 code [0x00007f053967b920, 0x00007f053967be90]
Event: 3,461 Thread 0x00007f0550233800 3663       3       org.axonframework.spring.config.SpringAxonAutoConfigurer$$Lambda$560/0x0000000800442c40::apply (8 bytes)
Event: 3,462 Thread 0x00007f0550233800 nmethod 3663 0x00007f053967c090 code [0x00007f053967c2a0, 0x00007f053967c8b0]
Event: 3,462 Thread 0x00007f0550233800 3664       3       org.axonframework.spring.config.SpringAxonAutoConfigurer::lambda$null$12 (15 bytes)
Event: 3,462 Thread 0x00007f0550233800 nmethod 3664 0x00007f053967ca90 code [0x00007f053967cc80, 0x00007f053967d0d0]
Event: 3,462 Thread 0x00007f0550233800 3665       3       org.axonframework.spring.config.SpringAxonAutoConfigurer$$Lambda$561/0x0000000800443040::test (8 bytes)

GC Heap History (12 events):
Event: 0,798 GC heap before
{Heap before GC invocations=0 (full 0):
 garbage-first heap   total 256000K, used 24576K [0x0000000707000000, 0x0000000800000000)
  region size 1024K, 24 young (24576K), 0 survivors (0K)
 Metaspace       used 14518K, capacity 14909K, committed 15232K, reserved 1062912K
  class space    used 1429K, capacity 1542K, committed 1664K, reserved 1048576K
}
Event: 0,804 GC heap after
{Heap after GC invocations=1 (full 0):
 garbage-first heap   total 256000K, used 10310K [0x0000000707000000, 0x0000000800000000)
  region size 1024K, 3 young (3072K), 3 survivors (3072K)
 Metaspace       used 14518K, capacity 14909K, committed 15232K, reserved 1062912K
  class space    used 1429K, capacity 1542K, committed 1664K, reserved 1048576K
}
Event: 0,958 GC heap before
{Heap before GC invocations=1 (full 0):
 garbage-first heap   total 256000K, used 24646K [0x0000000707000000, 0x0000000800000000)
  region size 1024K, 17 young (17408K), 3 survivors (3072K)
 Metaspace       used 16401K, capacity 16893K, committed 17024K, reserved 1064960K
  class space    used 1682K, capacity 1847K, committed 1920K, reserved 1048576K
}
Event: 0,961 GC heap after
{Heap after GC invocations=2 (full 0):
 garbage-first heap   total 256000K, used 11141K [0x0000000707000000, 0x0000000800000000)
  region size 1024K, 1 young (1024K), 1 survivors (1024K)
 Metaspace       used 16401K, capacity 16893K, committed 17024K, reserved 1064960K
  class space    used 1682K, capacity 1847K, committed 1920K, reserved 1048576K
}
Event: 1,392 GC heap before
{Heap before GC invocations=2 (full 0):
 garbage-first heap   total 256000K, used 42885K [0x0000000707000000, 0x0000000800000000)
  region size 1024K, 33 young (33792K), 1 survivors (1024K)
 Metaspace       used 20467K, capacity 21114K, committed 21248K, reserved 1069056K
  class space    used 2230K, capacity 2490K, committed 2560K, reserved 1048576K
}
Event: 1,397 GC heap after
{Heap after GC invocations=3 (full 0):
 garbage-first heap   total 256000K, used 12415K [0x0000000707000000, 0x0000000800000000)
  region size 1024K, 2 young (2048K), 2 survivors (2048K)
 Metaspace       used 20467K, capacity 21114K, committed 21248K, reserved 1069056K
  class space    used 2230K, capacity 2490K, committed 2560K, reserved 1048576K
}
Event: 1,945 GC heap before
{Heap before GC invocations=4 (full 0):
 garbage-first heap   total 256000K, used 63615K [0x0000000707000000, 0x0000000800000000)
  region size 1024K, 52 young (53248K), 2 survivors (2048K)
 Metaspace       used 27557K, capacity 28381K, committed 28544K, reserved 1075200K
  class space    used 3116K, capacity 3424K, committed 3456K, reserved 1048576K
}
Event: 1,951 GC heap after
{Heap after GC invocations=5 (full 0):
 garbage-first heap   total 256000K, used 14317K [0x0000000707000000, 0x0000000800000000)
  region size 1024K, 4 young (4096K), 4 survivors (4096K)
 Metaspace       used 27557K, capacity 28381K, committed 28544K, reserved 1075200K
  class space    used 3116K, capacity 3424K, committed 3456K, reserved 1048576K
}
Event: 2,019 GC heap before
{Heap before GC invocations=5 (full 0):
 garbage-first heap   total 256000K, used 98285K [0x0000000707000000, 0x0000000800000000)
  region size 1024K, 87 young (89088K), 4 survivors (4096K)
 Metaspace       used 28482K, capacity 29311K, committed 29440K, reserved 1075200K
  class space    used 3191K, capacity 3522K, committed 3584K, reserved 1048576K
}
Event: 2,022 GC heap after
{Heap after GC invocations=6 (full 0):
 garbage-first heap   total 307200K, used 14660K [0x0000000707000000, 0x0000000800000000)
  region size 1024K, 5 young (5120K), 5 survivors (5120K)
 Metaspace       used 28482K, capacity 29311K, committed 29440K, reserved 1075200K
  class space    used 3191K, capacity 3522K, committed 3584K, reserved 1048576K
}
Event: 3,355 GC heap before
{Heap before GC invocations=6 (full 0):
 garbage-first heap   total 307200K, used 145732K [0x0000000707000000, 0x0000000800000000)
  region size 1024K, 133 young (136192K), 5 survivors (5120K)
 Metaspace       used 34120K, capacity 35147K, committed 35328K, reserved 1081344K
  class space    used 3904K, capacity 4294K, committed 4352K, reserved 1048576K
}
Event: 3,363 GC heap after
{Heap after GC invocations=7 (full 0):
 garbage-first heap   total 307200K, used 18651K [0x0000000707000000, 0x0000000800000000)
  region size 1024K, 8 young (8192K), 8 survivors (8192K)
 Metaspace       used 34120K, capacity 35147K, committed 35328K, reserved 1081344K
  class space    used 3904K, capacity 4294K, committed 4352K, reserved 1048576K
}

Deoptimization events (20 events):
Event: 3,422 Thread 0x00007f055002f800 DEOPT PACKING pc=0x00007f053960184c sp=0x00007f0554bd0ed0
Event: 3,422 Thread 0x00007f055002f800 DEOPT UNPACKING pc=0x00007f05388c94ba sp=0x00007f0554bd0428 mode 1
Event: 3,425 Thread 0x00007f055002f800 Uncommon trap: trap_request=0xffffff4d fr.pc=0x00007f054052a6c0 relative=0x00000000000002e0
Event: 3,425 Thread 0x00007f055002f800 Uncommon trap: reason=unstable_if action=reinterpret pc=0x00007f054052a6c0 method=org.springframework.beans.factory.support.AbstractAutowireCapableBeanFactory.determineTargetType(Ljava/lang/String;Lorg/springframework/beans/factory/support/RootBeanDefinit
Event: 3,425 Thread 0x00007f055002f800 DEOPT PACKING pc=0x00007f054052a6c0 sp=0x00007f0554bd19d0
Event: 3,425 Thread 0x00007f055002f800 DEOPT UNPACKING pc=0x00007f05388c96a5 sp=0x00007f0554bd1908 mode 2
Event: 3,427 Thread 0x00007f055002f800 DEOPT PACKING pc=0x00007f053960184c sp=0x00007f0554bd0d20
Event: 3,427 Thread 0x00007f055002f800 DEOPT UNPACKING pc=0x00007f05388c94ba sp=0x00007f0554bd0278 mode 1
Event: 3,427 Thread 0x00007f055002f800 DEOPT PACKING pc=0x00007f053960184c sp=0x00007f0554bd0da0
Event: 3,427 Thread 0x00007f055002f800 DEOPT UNPACKING pc=0x00007f05388c94ba sp=0x00007f0554bd02f8 mode 1
Event: 3,427 Thread 0x00007f055002f800 DEOPT PACKING pc=0x00007f053960184c sp=0x00007f0554bd0da0
Event: 3,427 Thread 0x00007f055002f800 DEOPT UNPACKING pc=0x00007f05388c94ba sp=0x00007f0554bd02f8 mode 1
Event: 3,427 Thread 0x00007f055002f800 DEOPT PACKING pc=0x00007f053960184c sp=0x00007f0554bd0da0
Event: 3,427 Thread 0x00007f055002f800 DEOPT UNPACKING pc=0x00007f05388c94ba sp=0x00007f0554bd02f8 mode 1
Event: 3,427 Thread 0x00007f055002f800 DEOPT PACKING pc=0x00007f05394047b4 sp=0x00007f0554bd0d40
Event: 3,427 Thread 0x00007f055002f800 DEOPT UNPACKING pc=0x00007f05388c94ba sp=0x00007f0554bd0268 mode 1
Event: 3,427 Thread 0x00007f055002f800 Uncommon trap: trap_request=0xffffff4d fr.pc=0x00007f05405260ac relative=0x00000000000001ec
Event: 3,428 Thread 0x00007f055002f800 Uncommon trap: reason=unstable_if action=reinterpret pc=0x00007f05405260ac method=org.springframework.beans.factory.support.AbstractAutowireCapableBeanFactory.determineTargetType(Ljava/lang/String;Lorg/springframework/beans/factory/support/RootBeanDefinit
Event: 3,428 Thread 0x00007f055002f800 DEOPT PACKING pc=0x00007f05405260ac sp=0x00007f0554bd1920
Event: 3,428 Thread 0x00007f055002f800 DEOPT UNPACKING pc=0x00007f05388c96a5 sp=0x00007f0554bd18f8 mode 2

Classes redefined (0 events):
No events

Internal exceptions (20 events):
Event: 1,734 Thread 0x00007f05510f1000 Exception <a 'java/lang/IncompatibleClassChangeError'{0x00000007144d2ba8}: Found class java.lang.Object, but interface was expected> (0x00000007144d2ba8) thrown at [./src/hotspot/share/interpreter/linkResolver.cpp, line 839]
Event: 1,746 Thread 0x00007f05510f1000 Exception <a 'java/lang/NoSuchMethodError'{0x0000000714209dc0}: 'java.lang.Object java.lang.invoke.DirectMethodHandle$Holder.invokeVirtual(java.lang.Object, java.lang.Object, java.lang.Object, java.lang.Object)'> (0x0000000714209dc0) thrown at [./src/hotspot/share/interpreter/linkResolver.cpp, line 773]
Event: 1,766 Thread 0x00007f055002f800 Exception <a 'java/lang/NoSuchMethodError'{0x00000007141378b0}: 'void java.lang.invoke.DirectMethodHandle$Holder.invokeInterface(java.lang.Object, java.lang.Object, java.lang.Object, java.lang.Object)'> (0x00000007141378b0) thrown at [./src/hotspot/share/interpreter/linkResolver.cpp, line 773]
Event: 1,772 Thread 0x00007f055002f800 Exception <a 'java/lang/NoSuchMethodError'{0x00000007141686c0}: 'int java.lang.invoke.DirectMethodHandle$Holder.invokeVirtual(java.lang.Object, java.lang.Object, java.lang.Object)'> (0x00000007141686c0) thrown at [./src/hotspot/share/interpreter/linkResolver.cpp, line 773]
Event: 1,919 Thread 0x00007f055002f800 Exception <a 'java/lang/NoSuchMethodError'{0x00000007137065a0}: 'int java.lang.invoke.DirectMethodHandle$Holder.invokeSpecialIFC(java.lang.Object, java.lang.Object, java.lang.Object, java.lang.Object)'> (0x00000007137065a0) thrown at [./src/hotspot/share/interpreter/linkResolver.cpp, line 773]
Event: 2,039 Thread 0x00007f055002f800 Exception <a 'java/lang/IncompatibleClassChangeError'{0x0000000719ab8620}: Found class java.lang.Object, but interface was expected> (0x0000000719ab8620) thrown at [./src/hotspot/share/interpreter/linkResolver.cpp, line 839]
Event: 3,254 Thread 0x00007f055002f800 Exception <a 'java/lang/NoSuchMethodError'{0x0000000712024728}: 'void java.lang.invoke.DirectMethodHandle$Holder.invokeSpecial(java.lang.Object, java.lang.Object, java.lang.Object, java.lang.Object, java.lang.Object, java.lang.Object)'> (0x0000000712024728) thrown at [./src/hotspot/share/interpreter/linkResolver.cpp, line 773]
Event: 3,292 Thread 0x00007f055002f800 Exception <a 'java/lang/IncompatibleClassChangeError'{0x0000000711fcf8c8}: Found class java.lang.Object, but interface was expected> (0x0000000711fcf8c8) thrown at [./src/hotspot/share/interpreter/linkResolver.cpp, line 839]
Event: 3,294 Thread 0x00007f055002f800 Exception <a 'java/lang/IncompatibleClassChangeError'{0x0000000711ff4cd8}: Found class java.lang.Object, but interface was expected> (0x0000000711ff4cd8) thrown at [./src/hotspot/share/interpreter/linkResolver.cpp, line 839]
Event: 3,299 Thread 0x00007f055002f800 Exception <a 'java/lang/IncompatibleClassChangeError'{0x0000000711e2a4d0}: Found class java.lang.Object, but interface was expected> (0x0000000711e2a4d0) thrown at [./src/hotspot/share/interpreter/linkResolver.cpp, line 839]
Event: 3,299 Thread 0x00007f055002f800 Exception <a 'java/lang/IncompatibleClassChangeError'{0x0000000711e2dc78}: Found class java.lang.Object, but interface was expected> (0x0000000711e2dc78) thrown at [./src/hotspot/share/interpreter/linkResolver.cpp, line 839]
Event: 3,327 Thread 0x00007f055002f800 Exception <a 'java/lang/IncompatibleClassChangeError'{0x0000000711de1de0}: Found class java.lang.Object, but interface was expected> (0x0000000711de1de0) thrown at [./src/hotspot/share/interpreter/linkResolver.cpp, line 839]
Event: 3,328 Thread 0x00007f055002f800 Exception <a 'java/lang/IncompatibleClassChangeError'{0x0000000711de4e28}: Found class java.lang.Object, but interface was expected> (0x0000000711de4e28) thrown at [./src/hotspot/share/interpreter/linkResolver.cpp, line 839]
Event: 3,329 Thread 0x00007f055002f800 Exception <a 'java/lang/IncompatibleClassChangeError'{0x0000000711dea1f8}: Found class java.lang.Object, but interface was expected> (0x0000000711dea1f8) thrown at [./src/hotspot/share/interpreter/linkResolver.cpp, line 839]
Event: 3,331 Thread 0x00007f055002f800 Exception <a 'java/lang/IncompatibleClassChangeError'{0x0000000711df5ff0}: Found class java.lang.Object, but interface was expected> (0x0000000711df5ff0) thrown at [./src/hotspot/share/interpreter/linkResolver.cpp, line 839]
Event: 3,332 Thread 0x00007f055002f800 Exception <a 'java/lang/IncompatibleClassChangeError'{0x0000000711dfb258}: Found class java.lang.Object, but interface was expected> (0x0000000711dfb258) thrown at [./src/hotspot/share/interpreter/linkResolver.cpp, line 839]
Event: 3,334 Thread 0x00007f055002f800 Exception <a 'java/lang/IncompatibleClassChangeError'{0x0000000711c041a0}: Found class java.lang.Object, but interface was expected> (0x0000000711c041a0) thrown at [./src/hotspot/share/interpreter/linkResolver.cpp, line 839]
Event: 3,340 Thread 0x00007f055002f800 Exception <a 'java/lang/IncompatibleClassChangeError'{0x0000000711c2e548}: Found class java.lang.Object, but interface was expected> (0x0000000711c2e548) thrown at [./src/hotspot/share/interpreter/linkResolver.cpp, line 839]
Event: 3,344 Thread 0x00007f055002f800 Exception <a 'java/lang/IncompatibleClassChangeError'{0x0000000711c56f40}: Found class java.lang.Object, but interface was expected> (0x0000000711c56f40) thrown at [./src/hotspot/share/interpreter/linkResolver.cpp, line 839]
Event: 3,345 Thread 0x00007f055002f800 Exception <a 'java/lang/IncompatibleClassChangeError'{0x0000000711c5f3e8}: Found class java.lang.Object, but interface was expected> (0x0000000711c5f3e8) thrown at [./src/hotspot/share/interpreter/linkResolver.cpp, line 839]

Events (20 events):
Event: 3,452 loading class com/vaadin/flow/component/HasText done
Event: 3,453 loading class com/vaadin/flow/component/HtmlComponent
Event: 3,453 loading class com/vaadin/flow/component/HtmlComponent done
Event: 3,453 loading class com/vaadin/flow/component/HasStyle
Event: 3,453 loading class com/vaadin/flow/component/HasStyle done
Event: 3,454 loading class com/uoc/inmo/query/entity/inmueble/InmuebleImages
Event: 3,454 loading class com/uoc/inmo/query/entity/inmueble/InmuebleImages done
Event: 3,455 Executing VM operation: ThreadsSuspendJVMTI
Event: 3,455 Executing VM operation: ThreadsSuspendJVMTI done
Event: 3,455 Executing VM operation: ChangeBreakpoints
Event: 3,456 Executing VM operation: ChangeBreakpoints done
Event: 3,457 Executing VM operation: ChangeBreakpoints
Event: 3,458 Executing VM operation: ChangeBreakpoints done
Event: 3,459 Executing VM operation: ChangeBreakpoints
Event: 3,460 Executing VM operation: ChangeBreakpoints done
Event: 3,460 loading class com/uoc/inmo/query/api/response/ResponseFile
Event: 3,460 loading class com/uoc/inmo/query/api/response/ResponseFile done
Event: 3,461 Executing VM operation: ThreadsSuspendJVMTI
Event: 3,461 Executing VM operation: ThreadsSuspendJVMTI done
Event: 3,462 Executing VM operation: ChangeBreakpoints


Dynamic libraries:
707000000-719c00000 rw-p 00000000 00:00 0 
719c00000-800000000 ---p 00000000 00:00 0 
800000000-800460000 rw-p 00000000 00:00 0 
800460000-840000000 ---p 00000000 00:00 0 
559e65b15000-559e65b16000 r-xp 00000000 08:15 5266464                    /usr/lib/jvm/jdk-11.0.10+9/bin/java
559e65d16000-559e65d17000 r--p 00001000 08:15 5266464                    /usr/lib/jvm/jdk-11.0.10+9/bin/java
559e65d17000-559e65d18000 rw-p 00002000 08:15 5266464                    /usr/lib/jvm/jdk-11.0.10+9/bin/java
559e67b61000-559e67ba4000 rw-p 00000000 00:00 0                          [heap]
7f04a4000000-7f04a4021000 rw-p 00000000 00:00 0 
7f04a4021000-7f04a8000000 ---p 00000000 00:00 0 
7f04ac000000-7f04ac276000 rw-p 00000000 00:00 0 
7f04ac276000-7f04b0000000 ---p 00000000 00:00 0 
7f04b0000000-7f04b0021000 rw-p 00000000 00:00 0 
7f04b0021000-7f04b4000000 ---p 00000000 00:00 0 
7f04b638e000-7f04b642e000 rw-p 00000000 00:00 0 
7f04b642e000-7f04b658e000 ---p 00000000 00:00 0 
7f04b68b0000-7f04b6ab0000 rw-p 00000000 00:00 0 
7f04b6ed0000-7f04b70d0000 rw-p 00000000 00:00 0 
7f04b70d0000-7f04b72d0000 rw-p 00000000 00:00 0 
7f04b72d0000-7f04b74d0000 rw-p 00000000 00:00 0 
7f04b74d0000-7f04b76d0000 rw-p 00000000 00:00 0 
7f04b76d0000-7f04b76d1000 ---p 00000000 00:00 0 
7f04b76d1000-7f04b79d2000 rw-p 00000000 00:00 0 
7f04b79fd000-7f04b79fe000 ---p 00000000 00:00 0 
7f04b79fe000-7f04b7aff000 rw-p 00000000 00:00 0 
7f04b7aff000-7f04b7b03000 ---p 00000000 00:00 0 
7f04b7b03000-7f04b7e00000 rw-p 00000000 00:00 0 
7f04b7e00000-7f04b8000000 rw-p 00000000 00:00 0 
7f04b8000000-7f04b8021000 rw-p 00000000 00:00 0 
7f04b8021000-7f04bc000000 ---p 00000000 00:00 0 
7f04bc000000-7f04bc021000 rw-p 00000000 00:00 0 
7f04bc021000-7f04c0000000 ---p 00000000 00:00 0 
7f04c0000000-7f04c0021000 rw-p 00000000 00:00 0 
7f04c0021000-7f04c4000000 ---p 00000000 00:00 0 
7f04c4000000-7f04c4021000 rw-p 00000000 00:00 0 
7f04c4021000-7f04c8000000 ---p 00000000 00:00 0 
7f04c8000000-7f04c99c8000 rw-p 00000000 00:00 0 
7f04c99c8000-7f04cc000000 ---p 00000000 00:00 0 
7f04cc000000-7f04cc021000 rw-p 00000000 00:00 0 
7f04cc021000-7f04d0000000 ---p 00000000 00:00 0 
7f04d0000000-7f04d0021000 rw-p 00000000 00:00 0 
7f04d0021000-7f04d4000000 ---p 00000000 00:00 0 
7f04d4000000-7f04d4021000 rw-p 00000000 00:00 0 
7f04d4021000-7f04d8000000 ---p 00000000 00:00 0 
7f04d8000000-7f04d8021000 rw-p 00000000 00:00 0 
7f04d8021000-7f04dc000000 ---p 00000000 00:00 0 
7f04dc000000-7f04dc021000 rw-p 00000000 00:00 0 
7f04dc021000-7f04e0000000 ---p 00000000 00:00 0 
7f04e0000000-7f04e0021000 rw-p 00000000 00:00 0 
7f04e0021000-7f04e4000000 ---p 00000000 00:00 0 
7f04e4000000-7f04e539a000 rw-p 00000000 00:00 0 
7f04e539a000-7f04e8000000 ---p 00000000 00:00 0 
7f04e8000000-7f04e8021000 rw-p 00000000 00:00 0 
7f04e8021000-7f04ec000000 ---p 00000000 00:00 0 
7f04ec000000-7f04ec021000 rw-p 00000000 00:00 0 
7f04ec021000-7f04f0000000 ---p 00000000 00:00 0 
7f04f0000000-7f04f0021000 rw-p 00000000 00:00 0 
7f04f0021000-7f04f4000000 ---p 00000000 00:00 0 
7f04f4000000-7f04f4021000 rw-p 00000000 00:00 0 
7f04f4021000-7f04f8000000 ---p 00000000 00:00 0 
7f04f8000000-7f04f9352000 rw-p 00000000 00:00 0 
7f04f9352000-7f04fc000000 ---p 00000000 00:00 0 
7f04fc000000-7f04fd086000 rw-p 00000000 00:00 0 
7f04fd086000-7f0500000000 ---p 00000000 00:00 0 
7f0500000000-7f0500021000 rw-p 00000000 00:00 0 
7f0500021000-7f0504000000 ---p 00000000 00:00 0 
7f0504000000-7f0504021000 rw-p 00000000 00:00 0 
7f0504021000-7f0508000000 ---p 00000000 00:00 0 
7f0508000000-7f0508021000 rw-p 00000000 00:00 0 
7f0508021000-7f050c000000 ---p 00000000 00:00 0 
7f050c000000-7f050c021000 rw-p 00000000 00:00 0 
7f050c021000-7f0510000000 ---p 00000000 00:00 0 
7f0510000000-7f0510021000 rw-p 00000000 00:00 0 
7f0510021000-7f0514000000 ---p 00000000 00:00 0 
7f0514000000-7f0514400000 rw-p 00000000 00:00 0 
7f0514400000-7f0518000000 ---p 00000000 00:00 0 
7f0518000000-7f0518021000 rw-p 00000000 00:00 0 
7f0518021000-7f051c000000 ---p 00000000 00:00 0 
7f051c000000-7f051c021000 rw-p 00000000 00:00 0 
7f051c021000-7f0520000000 ---p 00000000 00:00 0 
7f0520088000-7f0520089000 ---p 00000000 00:00 0 
7f0520089000-7f052018a000 rw-p 00000000 00:00 0 
7f052018a000-7f052018b000 ---p 00000000 00:00 0 
7f052018b000-7f052028c000 rw-p 00000000 00:00 0 
7f052028c000-7f052028d000 ---p 00000000 00:00 0 
7f052028d000-7f052038e000 rw-p 00000000 00:00 0 
7f052038e000-7f052038f000 ---p 00000000 00:00 0 
7f052038f000-7f0520490000 rw-p 00000000 00:00 0 
7f0520490000-7f0520491000 ---p 00000000 00:00 0 
7f0520491000-7f0520592000 rw-p 00000000 00:00 0 
7f0520592000-7f0520593000 ---p 00000000 00:00 0 
7f0520593000-7f0520694000 rw-p 00000000 00:00 0 
7f0520694000-7f0520698000 ---p 00000000 00:00 0 
7f0520698000-7f0520995000 rw-p 00000000 00:00 0 
7f0520995000-7f0520996000 ---p 00000000 00:00 0 
7f0520996000-7f0520a97000 rw-p 00000000 00:00 0 
7f0520a97000-7f0520a9b000 ---p 00000000 00:00 0 
7f0520a9b000-7f0520b98000 rw-p 00000000 00:00 0 
7f0520b98000-7f0520b9c000 ---p 00000000 00:00 0 
7f0520b9c000-7f0520c99000 rw-p 00000000 00:00 0 
7f0520c99000-7f0520c9d000 ---p 00000000 00:00 0 
7f0520c9d000-7f0520d9a000 rw-p 00000000 00:00 0 
7f0520d9a000-7f0520d9c000 r-xp 00000000 08:15 5266528                    /usr/lib/jvm/jdk-11.0.10+9/lib/libextnet.so
7f0520d9c000-7f0520f9b000 ---p 00002000 08:15 5266528                    /usr/lib/jvm/jdk-11.0.10+9/lib/libextnet.so
7f0520f9b000-7f0520f9c000 r--p 00001000 08:15 5266528                    /usr/lib/jvm/jdk-11.0.10+9/lib/libextnet.so
7f0520f9c000-7f0520f9d000 rw-p 00002000 08:15 5266528                    /usr/lib/jvm/jdk-11.0.10+9/lib/libextnet.so
7f0520f9d000-7f052119d000 rw-p 00000000 00:00 0 
7f052119d000-7f052139d000 rw-p 00000000 00:00 0 
7f052139d000-7f05213a3000 r-xp 00000000 08:15 5266553                    /usr/lib/jvm/jdk-11.0.10+9/lib/libmanagement_ext.so
7f05213a3000-7f05215a2000 ---p 00006000 08:15 5266553                    /usr/lib/jvm/jdk-11.0.10+9/lib/libmanagement_ext.so
7f05215a2000-7f05215a3000 r--p 00005000 08:15 5266553                    /usr/lib/jvm/jdk-11.0.10+9/lib/libmanagement_ext.so
7f05215a3000-7f05215a4000 rw-p 00006000 08:15 5266553                    /usr/lib/jvm/jdk-11.0.10+9/lib/libmanagement_ext.so
7f05215a4000-7f05215a8000 r-xp 00000000 08:15 5266552                    /usr/lib/jvm/jdk-11.0.10+9/lib/libmanagement.so
7f05215a8000-7f05217a7000 ---p 00004000 08:15 5266552                    /usr/lib/jvm/jdk-11.0.10+9/lib/libmanagement.so
7f05217a7000-7f05217a8000 r--p 00003000 08:15 5266552                    /usr/lib/jvm/jdk-11.0.10+9/lib/libmanagement.so
7f05217a8000-7f05217a9000 rw-p 00004000 08:15 5266552                    /usr/lib/jvm/jdk-11.0.10+9/lib/libmanagement.so
7f05217a9000-7f05217ad000 ---p 00000000 00:00 0 
7f05217ad000-7f05218aa000 rw-p 00000000 00:00 0 
7f05218aa000-7f05218c0000 r-xp 00000000 08:15 5266527                    /usr/lib/jvm/jdk-11.0.10+9/lib/libnet.so
7f05218c0000-7f0521abf000 ---p 00016000 08:15 5266527                    /usr/lib/jvm/jdk-11.0.10+9/lib/libnet.so
7f0521abf000-7f0521ac0000 r--p 00015000 08:15 5266527                    /usr/lib/jvm/jdk-11.0.10+9/lib/libnet.so
7f0521ac0000-7f0521ac1000 rw-p 00016000 08:15 5266527                    /usr/lib/jvm/jdk-11.0.10+9/lib/libnet.so
7f0521ac1000-7f0521ad0000 r-xp 00000000 08:15 5266547                    /usr/lib/jvm/jdk-11.0.10+9/lib/libnio.so
7f0521ad0000-7f0521cd0000 ---p 0000f000 08:15 5266547                    /usr/lib/jvm/jdk-11.0.10+9/lib/libnio.so
7f0521cd0000-7f0521cd1000 r--p 0000f000 08:15 5266547                    /usr/lib/jvm/jdk-11.0.10+9/lib/libnio.so
7f0521cd1000-7f0521cd2000 rw-p 00010000 08:15 5266547                    /usr/lib/jvm/jdk-11.0.10+9/lib/libnio.so
7f0521cd2000-7f0521cd6000 ---p 00000000 00:00 0 
7f0521cd6000-7f0521dd3000 rw-p 00000000 00:00 0 
7f0521e0e000-7f0521e12000 ---p 00000000 00:00 0 
7f0521e12000-7f0521f0f000 rw-p 00000000 00:00 0 
7f0521f0f000-7f0521f13000 ---p 00000000 00:00 0 
7f0521f13000-7f0522010000 rw-p 00000000 00:00 0 
7f0522010000-7f0522014000 r-xp 00000000 08:15 5266558                    /usr/lib/jvm/jdk-11.0.10+9/lib/libdt_socket.so
7f0522014000-7f0522214000 ---p 00004000 08:15 5266558                    /usr/lib/jvm/jdk-11.0.10+9/lib/libdt_socket.so
7f0522214000-7f0522215000 r--p 00004000 08:15 5266558                    /usr/lib/jvm/jdk-11.0.10+9/lib/libdt_socket.so
7f0522215000-7f0522216000 rw-p 00005000 08:15 5266558                    /usr/lib/jvm/jdk-11.0.10+9/lib/libdt_socket.so
7f0522216000-7f052221a000 ---p 00000000 00:00 0 
7f052221a000-7f0522317000 rw-p 00000000 00:00 0 
7f0522317000-7f052231b000 ---p 00000000 00:00 0 
7f052231b000-7f0522418000 rw-p 00000000 00:00 0 
7f0522418000-7f052241c000 ---p 00000000 00:00 0 
7f052241c000-7f0522519000 rw-p 00000000 00:00 0 
7f0522519000-7f052251d000 ---p 00000000 00:00 0 
7f052251d000-7f052261a000 rw-p 00000000 00:00 0 
7f052261a000-7f052261e000 ---p 00000000 00:00 0 
7f052261e000-7f052271b000 rw-p 00000000 00:00 0 
7f052271b000-7f052271f000 ---p 00000000 00:00 0 
7f052271f000-7f052281c000 rw-p 00000000 00:00 0 
7f052281c000-7f052301a000 r--p 00000000 08:15 5243904                    /usr/lib/locale/locale-archive
7f052301a000-7f052301e000 ---p 00000000 00:00 0 
7f052301e000-7f052311b000 rw-p 00000000 00:00 0 
7f052311b000-7f052311f000 ---p 00000000 00:00 0 
7f052311f000-7f052321c000 rw-p 00000000 00:00 0 
7f052321c000-7f052321d000 ---p 00000000 00:00 0 
7f052321d000-7f0523bfa000 rw-p 00000000 00:00 0 
7f0523bfa000-7f0523bfb000 ---p 00000000 00:00 0 
7f0523bfb000-7f0523cfc000 rw-p 00000000 00:00 0 
7f0523cfc000-7f0523cfd000 ---p 00000000 00:00 0 
7f0523cfd000-7f0524000000 rw-p 00000000 00:00 0 
7f0524000000-7f0524021000 rw-p 00000000 00:00 0 
7f0524021000-7f0528000000 ---p 00000000 00:00 0 
7f052801a000-7f052a620000 rw-p 00000000 00:00 0 
7f052a620000-7f052a621000 ---p 00000000 00:00 0 
7f052a621000-7f052a722000 rw-p 00000000 00:00 0 
7f052a722000-7f052a723000 ---p 00000000 00:00 0 
7f052a723000-7f052add5000 rw-p 00000000 00:00 0 
7f052add5000-7f052e765000 ---p 00000000 00:00 0 
7f052e765000-7f052ec15000 rw-p 00000000 00:00 0 
7f052ec15000-7f05325a5000 ---p 00000000 00:00 0 
7f05325a5000-7f053263b000 rw-p 00000000 00:00 0 
7f053263b000-7f0532d6d000 ---p 00000000 00:00 0 
7f0532d6d000-7f0532e03000 rw-p 00000000 00:00 0 
7f0532e03000-7f0533535000 ---p 00000000 00:00 0 
7f0533535000-7f05335cb000 rw-p 00000000 00:00 0 
7f05335cb000-7f0533cfd000 ---p 00000000 00:00 0 
7f0533cfd000-7f0534000000 rw-p 00000000 00:00 0 
7f0534000000-7f0534021000 rw-p 00000000 00:00 0 
7f0534021000-7f0538000000 ---p 00000000 00:00 0 
7f0538027000-7f053804b000 r--p 00000000 08:15 5902438                    /usr/share/locale-langpack/es/LC_MESSAGES/libc.mo
7f053804b000-7f05385ba000 rw-p 00000000 00:00 0 
7f05385ba000-7f05385bb000 ---p 00000000 00:00 0 
7f05385bb000-7f05386c1000 rw-p 00000000 00:00 0 
7f05386c1000-7f05387a7000 ---p 00000000 00:00 0 
7f05387a7000-7f05387b8000 rw-p 00000000 00:00 0 
7f05387b8000-7f0538892000 ---p 00000000 00:00 0 
7f0538892000-7f0538b02000 rwxp 00000000 00:00 0 
7f0538b02000-7f0538e23000 ---p 00000000 00:00 0 
7f0538e23000-7f0539683000 rwxp 00000000 00:00 0 
7f0539683000-7f054035a000 ---p 00000000 00:00 0 
7f054035a000-7f05405ca000 rwxp 00000000 00:00 0 
7f05405ca000-7f0547892000 ---p 00000000 00:00 0 
7f0547892000-7f0550000000 r--s 00000000 08:15 5266525                    /usr/lib/jvm/jdk-11.0.10+9/lib/modules
7f0550000000-7f055277b000 rw-p 00000000 00:00 0 
7f055277b000-7f0554000000 ---p 00000000 00:00 0 
7f055400c000-7f0554013000 r--s 00000000 08:15 5519038                    /usr/lib/x86_64-linux-gnu/gconv/gconv-modules.cache
7f0554013000-7f0554018000 rw-p 00000000 00:00 0 
7f0554018000-7f055401f000 ---p 00000000 00:00 0 
7f055401f000-7f0554026000 r-xp 00000000 08:15 5266546                    /usr/lib/jvm/jdk-11.0.10+9/lib/libzip.so
7f0554026000-7f0554225000 ---p 00007000 08:15 5266546                    /usr/lib/jvm/jdk-11.0.10+9/lib/libzip.so
7f0554225000-7f0554226000 r--p 00006000 08:15 5266546                    /usr/lib/jvm/jdk-11.0.10+9/lib/libzip.so
7f0554226000-7f0554227000 rw-p 00007000 08:15 5266546                    /usr/lib/jvm/jdk-11.0.10+9/lib/libzip.so
7f0554227000-7f055422f000 rw-s 00000000 08:15 3950151                    /tmp/hsperfdata_fco/3037871
7f055422f000-7f055426b000 r-xp 00000000 08:15 5266571                    /usr/lib/jvm/jdk-11.0.10+9/lib/libjdwp.so
7f055426b000-7f055446a000 ---p 0003c000 08:15 5266571                    /usr/lib/jvm/jdk-11.0.10+9/lib/libjdwp.so
7f055446a000-7f055446b000 r--p 0003b000 08:15 5266571                    /usr/lib/jvm/jdk-11.0.10+9/lib/libjdwp.so
7f055446b000-7f055446c000 rw-p 0003c000 08:15 5266571                    /usr/lib/jvm/jdk-11.0.10+9/lib/libjdwp.so
7f055446c000-7f0554487000 r-xp 00000000 08:15 5266526                    /usr/lib/jvm/jdk-11.0.10+9/lib/libjimage.so
7f0554487000-7f0554687000 ---p 0001b000 08:15 5266526                    /usr/lib/jvm/jdk-11.0.10+9/lib/libjimage.so
7f0554687000-7f0554689000 r--p 0001b000 08:15 5266526                    /usr/lib/jvm/jdk-11.0.10+9/lib/libjimage.so
7f0554689000-7f055468a000 rw-p 0001d000 08:15 5266526                    /usr/lib/jvm/jdk-11.0.10+9/lib/libjimage.so
7f055468a000-7f05546b3000 r-xp 00000000 08:15 5266557                    /usr/lib/jvm/jdk-11.0.10+9/lib/libjava.so
7f05546b3000-7f05548b2000 ---p 00029000 08:15 5266557                    /usr/lib/jvm/jdk-11.0.10+9/lib/libjava.so
7f05548b2000-7f05548b3000 r--p 00028000 08:15 5266557                    /usr/lib/jvm/jdk-11.0.10+9/lib/libjava.so
7f05548b3000-7f05548b4000 rw-p 00029000 08:15 5266557                    /usr/lib/jvm/jdk-11.0.10+9/lib/libjava.so
7f05548b4000-7f05548b5000 rw-p 00000000 00:00 0 
7f05548b5000-7f05548c6000 r-xp 00000000 08:15 5266541                    /usr/lib/jvm/jdk-11.0.10+9/lib/libverify.so
7f05548c6000-7f0554ac5000 ---p 00011000 08:15 5266541                    /usr/lib/jvm/jdk-11.0.10+9/lib/libverify.so
7f0554ac5000-7f0554ac7000 r--p 00010000 08:15 5266541                    /usr/lib/jvm/jdk-11.0.10+9/lib/libverify.so
7f0554ac7000-7f0554ac8000 rw-p 00012000 08:15 5266541                    /usr/lib/jvm/jdk-11.0.10+9/lib/libverify.so
7f0554ac8000-7f0554acb000 r--p 00000000 08:15 529850                     /lib/x86_64-linux-gnu/librt-2.31.so
7f0554acb000-7f0554acf000 r-xp 00003000 08:15 529850                     /lib/x86_64-linux-gnu/librt-2.31.so
7f0554acf000-7f0554ad0000 r--p 00007000 08:15 529850                     /lib/x86_64-linux-gnu/librt-2.31.so
7f0554ad0000-7f0554ad1000 ---p 00008000 08:15 529850                     /lib/x86_64-linux-gnu/librt-2.31.so
7f0554ad1000-7f0554ad2000 r--p 00008000 08:15 529850                     /lib/x86_64-linux-gnu/librt-2.31.so
7f0554ad2000-7f0554ad3000 rw-p 00009000 08:15 529850                     /lib/x86_64-linux-gnu/librt-2.31.so
7f0554ad3000-7f0554ad7000 ---p 00000000 00:00 0 
7f0554ad7000-7f0554bd4000 rw-p 00000000 00:00 0 
7f0554bd4000-7f0554be3000 r--p 00000000 08:15 529837                     /lib/x86_64-linux-gnu/libm-2.31.so
7f0554be3000-7f0554c8a000 r-xp 0000f000 08:15 529837                     /lib/x86_64-linux-gnu/libm-2.31.so
7f0554c8a000-7f0554d21000 r--p 000b6000 08:15 529837                     /lib/x86_64-linux-gnu/libm-2.31.so
7f0554d21000-7f0554d22000 r--p 0014c000 08:15 529837                     /lib/x86_64-linux-gnu/libm-2.31.so
7f0554d22000-7f0554d23000 rw-p 0014d000 08:15 529837                     /lib/x86_64-linux-gnu/libm-2.31.so
7f0554d23000-7f0555f7a000 r-xp 00000000 08:15 5266575                    /usr/lib/jvm/jdk-11.0.10+9/lib/server/libjvm.so
7f0555f7a000-7f055617a000 ---p 01257000 08:15 5266575                    /usr/lib/jvm/jdk-11.0.10+9/lib/server/libjvm.so
7f055617a000-7f055623c000 r--p 01257000 08:15 5266575                    /usr/lib/jvm/jdk-11.0.10+9/lib/server/libjvm.so
7f055623c000-7f0556277000 rw-p 01319000 08:15 5266575                    /usr/lib/jvm/jdk-11.0.10+9/lib/server/libjvm.so
7f0556277000-7f05562d0000 rw-p 00000000 00:00 0 
7f05562d0000-7f05562f5000 r--p 00000000 08:15 529835                     /lib/x86_64-linux-gnu/libc-2.31.so
7f05562f5000-7f055646d000 r-xp 00025000 08:15 529835                     /lib/x86_64-linux-gnu/libc-2.31.so
7f055646d000-7f05564b7000 r--p 0019d000 08:15 529835                     /lib/x86_64-linux-gnu/libc-2.31.so
7f05564b7000-7f05564b8000 ---p 001e7000 08:15 529835                     /lib/x86_64-linux-gnu/libc-2.31.so
7f05564b8000-7f05564bb000 r--p 001e7000 08:15 529835                     /lib/x86_64-linux-gnu/libc-2.31.so
7f05564bb000-7f05564be000 rw-p 001ea000 08:15 529835                     /lib/x86_64-linux-gnu/libc-2.31.so
7f05564be000-7f05564c2000 rw-p 00000000 00:00 0 
7f05564c2000-7f05564c3000 r--p 00000000 08:15 529836                     /lib/x86_64-linux-gnu/libdl-2.31.so
7f05564c3000-7f05564c5000 r-xp 00001000 08:15 529836                     /lib/x86_64-linux-gnu/libdl-2.31.so
7f05564c5000-7f05564c6000 r--p 00003000 08:15 529836                     /lib/x86_64-linux-gnu/libdl-2.31.so
7f05564c6000-7f05564c7000 r--p 00003000 08:15 529836                     /lib/x86_64-linux-gnu/libdl-2.31.so
7f05564c7000-7f05564c8000 rw-p 00004000 08:15 529836                     /lib/x86_64-linux-gnu/libdl-2.31.so
7f05564c8000-7f05564d8000 r-xp 00000000 08:15 5266534                    /usr/lib/jvm/jdk-11.0.10+9/lib/jli/libjli.so
7f05564d8000-7f05566d7000 ---p 00010000 08:15 5266534                    /usr/lib/jvm/jdk-11.0.10+9/lib/jli/libjli.so
7f05566d7000-7f05566d8000 r--p 0000f000 08:15 5266534                    /usr/lib/jvm/jdk-11.0.10+9/lib/jli/libjli.so
7f05566d8000-7f05566d9000 rw-p 00010000 08:15 5266534                    /usr/lib/jvm/jdk-11.0.10+9/lib/jli/libjli.so
7f05566d9000-7f05566e0000 r--p 00000000 08:15 529848                     /lib/x86_64-linux-gnu/libpthread-2.31.so
7f05566e0000-7f05566f1000 r-xp 00007000 08:15 529848                     /lib/x86_64-linux-gnu/libpthread-2.31.so
7f05566f1000-7f05566f6000 r--p 00018000 08:15 529848                     /lib/x86_64-linux-gnu/libpthread-2.31.so
7f05566f6000-7f05566f7000 r--p 0001c000 08:15 529848                     /lib/x86_64-linux-gnu/libpthread-2.31.so
7f05566f7000-7f05566f8000 rw-p 0001d000 08:15 529848                     /lib/x86_64-linux-gnu/libpthread-2.31.so
7f05566f8000-7f05566fc000 rw-p 00000000 00:00 0 
7f05566fc000-7f05566fe000 r--p 00000000 08:15 526485                     /lib/x86_64-linux-gnu/libz.so.1.2.11
7f05566fe000-7f055670f000 r-xp 00002000 08:15 526485                     /lib/x86_64-linux-gnu/libz.so.1.2.11
7f055670f000-7f0556715000 r--p 00013000 08:15 526485                     /lib/x86_64-linux-gnu/libz.so.1.2.11
7f0556715000-7f0556716000 ---p 00019000 08:15 526485                     /lib/x86_64-linux-gnu/libz.so.1.2.11
7f0556716000-7f0556717000 r--p 00019000 08:15 526485                     /lib/x86_64-linux-gnu/libz.so.1.2.11
7f0556717000-7f0556718000 rw-p 0001a000 08:15 526485                     /lib/x86_64-linux-gnu/libz.so.1.2.11
7f0556718000-7f055671a000 rw-p 00000000 00:00 0 
7f0556720000-7f0556723000 r--p 00000000 08:15 529843                     /lib/x86_64-linux-gnu/libnss_files-2.31.so
7f0556723000-7f055672a000 r-xp 00003000 08:15 529843                     /lib/x86_64-linux-gnu/libnss_files-2.31.so
7f055672a000-7f055672c000 r--p 0000a000 08:15 529843                     /lib/x86_64-linux-gnu/libnss_files-2.31.so
7f055672c000-7f055672d000 r--p 0000b000 08:15 529843                     /lib/x86_64-linux-gnu/libnss_files-2.31.so
7f055672d000-7f055672e000 rw-p 0000c000 08:15 529843                     /lib/x86_64-linux-gnu/libnss_files-2.31.so
7f055672e000-7f0556734000 rw-p 00000000 00:00 0 
7f0556734000-7f0556735000 ---p 00000000 00:00 0 
7f0556735000-7f0556736000 r--p 00000000 00:00 0 
7f0556736000-7f0556737000 r--p 00000000 08:15 526471                     /lib/x86_64-linux-gnu/ld-2.31.so
7f0556737000-7f055675a000 r-xp 00001000 08:15 526471                     /lib/x86_64-linux-gnu/ld-2.31.so
7f055675a000-7f0556762000 r--p 00024000 08:15 526471                     /lib/x86_64-linux-gnu/ld-2.31.so
7f0556763000-7f0556764000 r--p 0002c000 08:15 526471                     /lib/x86_64-linux-gnu/ld-2.31.so
7f0556764000-7f0556765000 rw-p 0002d000 08:15 526471                     /lib/x86_64-linux-gnu/ld-2.31.so
7f0556765000-7f0556766000 rw-p 00000000 00:00 0 
7fff0cc53000-7fff0cc7a000 rw-p 00000000 00:00 0                          [stack]
7fff0cd90000-7fff0cd93000 r--p 00000000 00:00 0                          [vvar]
7fff0cd93000-7fff0cd94000 r-xp 00000000 00:00 0                          [vdso]
ffffffffff600000-ffffffffff601000 --xp 00000000 00:00 0                  [vsyscall]


VM Arguments:
jvm_args: -Xdebug -Xnoagent -Djava.compiler=NONE -Xrunjdwp:transport=dt_socket,address=localhost:32951,server=n,suspend=y -Dcom.sun.management.jmxremote -Dcom.sun.management.jmxremote.port=44457 -Dcom.sun.management.jmxremote.authenticate=false -Dcom.sun.management.jmxremote.ssl=false -Djava.rmi.server.hostname=localhost -Dspring.application.admin.enabled=true -Dspring.jmx.enabled=true -Dfile.encoding=UTF-8 
java_command: com.uoc.inmo.Application
java_class_path (initial): /home/fco/TFG/inmo/target/classes:/home/fco/.m2/repository/org/axonframework/axon-spring-boot-starter/4.4.8/axon-spring-boot-starter-4.4.8.jar:/home/fco/.m2/repository/org/axonframework/axon-spring-boot-autoconfigure/4.4.8/axon-spring-boot-autoconfigure-4.4.8.jar:/home/fco/.m2/repository/org/axonframework/axon-server-connector/4.4.8/axon-server-connector-4.4.8.jar:/home/fco/.m2/repository/io/axoniq/axonserver-connector-java/4.4.7/axonserver-connector-java-4.4.7.jar:/home/fco/.m2/repository/io/grpc/grpc-protobuf/1.33.0/grpc-protobuf-1.33.0.jar:/home/fco/.m2/repository/io/grpc/grpc-api/1.33.0/grpc-api-1.33.0.jar:/home/fco/.m2/repository/io/grpc/grpc-context/1.33.0/grpc-context-1.33.0.jar:/home/fco/.m2/repository/com/google/code/findbugs/jsr305/3.0.2/jsr305-3.0.2.jar:/home/fco/.m2/repository/com/google/protobuf/protobuf-java/3.12.0/protobuf-java-3.12.0.jar:/home/fco/.m2/repository/com/google/api/grpc/proto-google-common-protos/1.17.0/proto-google-common-protos-1.17.0.jar:/home/fco/.m2/repository/io/grpc/grpc-protobuf-lite/1.33.0/grpc-protobuf-lite-1.33.0.jar:/home/fco/.m2/repository/com/google/guava/guava/29.0-android/guava-29.0-android.jar:/home/fco/.m2/repository/com/google/guava/failureaccess/1.0.1/failureaccess-1.0.1.jar:/home/fco/.m2/repository/com/google/guava/listenablefuture/9999.0-empty-to-avoid-conflict-with-guava/listenablefuture-9999.0-empty-to-avoid-conflict-with-guava.jar:/home/fco/.m2/repository/org/checkerframework/checker-compat-qual/2.5.5/checker-compat-qual-2.5.5.jar:/home/fco/.m2/repository/com/google/j2objc/j2objc-annotations/1.3/j2objc-annotations-1.3.jar:/home/fco/.m2/repository/com/google/errorprone/error_prone_annotations/2.3.4/error_prone_annotations-2.3.4.jar:/home/fco/.m2/repository/org/codehaus/mojo/animal-sniffer-annotations/1.18/animal-sniffer-annotations-1.18.jar:/home/fco/.m2/repository/io/grpc/grpc-stub/1.33.0/grpc-stub-1.33.0.jar:/home/fco/.m2/repository/io/grpc/grpc-netty/1.33.0/grpc-netty-1.33.0.jar:/hom
Launcher Type: SUN_STANDARD

[Global flags]
     intx CICompilerCount                          = 4                                         {product} {ergonomic}
     uint ConcGCThreads                            = 2                                         {product} {ergonomic}
     uint G1ConcRefinementThreads                  = 8                                         {product} {ergonomic}
   size_t G1HeapRegionSize                         = 1048576                                   {product} {ergonomic}
    uintx GCDrainStackTargetSize                   = 64                                        {product} {ergonomic}
   size_t InitialHeapSize                          = 262144000                                 {product} {ergonomic}
     bool ManagementServer                         = true                                      {product} {command line}
   size_t MarkStackSize                            = 4194304                                   {product} {ergonomic}
   size_t MaxHeapSize                              = 4177526784                                {product} {ergonomic}
   size_t MaxNewSize                               = 2506096640                                {product} {ergonomic}
   size_t MinHeapDeltaBytes                        = 1048576                                   {product} {ergonomic}
    uintx NonNMethodCodeHeapSize                   = 5836300                                {pd product} {ergonomic}
    uintx NonProfiledCodeHeapSize                  = 122910970                              {pd product} {ergonomic}
    uintx ProfiledCodeHeapSize                     = 122910970                              {pd product} {ergonomic}
    uintx ReservedCodeCacheSize                    = 251658240                              {pd product} {ergonomic}
     bool SegmentedCodeCache                       = true                                      {product} {ergonomic}
     bool UseCompressedClassPointers               = true                                 {lp64_product} {ergonomic}
     bool UseCompressedOops                        = true                                 {lp64_product} {ergonomic}
     bool UseG1GC                                  = true                                      {product} {ergonomic}

Logging:
Log output configuration:
 #0: stdout all=warning uptime,level,tags
 #1: stderr all=off uptime,level,tags

Environment Variables:
JAVA_HOME=/usr/lib/jvm/java-1.11.0-openjdk-amd64
PATH=/home/fco/.local/bin:/home/fco/.local/bin:/usr/local/sbin:/usr/local/bin:/usr/sbin:/usr/bin:/sbin:/bin:/usr/games:/usr/local/games:/snap/bin:/usr/lib/jvm/java-1.11.0-openjdk-amd64/bin:/usr/lib/jvm/java-1.11.0-openjdk-amd64/bin
SHELL=/bin/bash
DISPLAY=:0
LANG=es_ES.UTF-8

Signal Handlers:
SIGSEGV: [libjvm.so+0xf307d0], sa_mask[0]=11111111011111111101111111111110, sa_flags=SA_RESTART|SA_SIGINFO
SIGBUS: [libjvm.so+0xf307d0], sa_mask[0]=11111111011111111101111111111110, sa_flags=SA_RESTART|SA_SIGINFO
SIGFPE: [libjvm.so+0xf307d0], sa_mask[0]=11111111011111111101111111111110, sa_flags=SA_RESTART|SA_SIGINFO
SIGPIPE: [libjvm.so+0xc52e90], sa_mask[0]=11111111011111111101111111111110, sa_flags=SA_RESTART|SA_SIGINFO
SIGXFSZ: [libjvm.so+0xc52e90], sa_mask[0]=11111111011111111101111111111110, sa_flags=SA_RESTART|SA_SIGINFO
SIGILL: [libjvm.so+0xf307d0], sa_mask[0]=11111111011111111101111111111110, sa_flags=SA_RESTART|SA_SIGINFO
SIGUSR2: [libjvm.so+0xc52d30], sa_mask[0]=00100000000000000000000000000000, sa_flags=SA_RESTART|SA_SIGINFO
SIGHUP: [libjvm.so+0xc53090], sa_mask[0]=11111111011111111101111111111110, sa_flags=SA_RESTART|SA_SIGINFO
SIGINT: [libjvm.so+0xc53090], sa_mask[0]=11111111011111111101111111111110, sa_flags=SA_RESTART|SA_SIGINFO
SIGTERM: [libjvm.so+0xc53090], sa_mask[0]=11111111011111111101111111111110, sa_flags=SA_RESTART|SA_SIGINFO
SIGQUIT: [libjvm.so+0xc53090], sa_mask[0]=11111111011111111101111111111110, sa_flags=SA_RESTART|SA_SIGINFO


---------------  S Y S T E M  ---------------

OS:DISTRIB_ID=LinuxMint
DISTRIB_RELEASE=20.1
DISTRIB_CODENAME=ulyssa
DISTRIB_DESCRIPTION="Linux Mint 20.1 Ulyssa"
uname:Linux 5.4.0-72-generic #80-Ubuntu SMP Mon Apr 12 17:35:00 UTC 2021 x86_64
OS uptime: 29 days 5:12 hours
libc:glibc 2.31 NPTL 2.31 
rlimit (soft/hard): STACK 8192k/infinity , CORE 0k/infinity , NPROC 63358/63358 , NOFILE 1048576/1048576 , AS infinity/infinity , CPU infinity/infinity , DATA infinity/infinity , FSIZE infinity/infinity , MEMLOCK 65536k/65536k
load average:1,49 1,62 1,63

/proc/meminfo:
MemTotal:       16312552 kB
MemFree:         1461260 kB
MemAvailable:    2242404 kB
Buffers:           58816 kB
Cached:          1412756 kB
SwapCached:        93708 kB
Active:         11893656 kB
Inactive:        2189304 kB
Active(anon):   11325572 kB
Inactive(anon):  1802736 kB
Active(file):     568084 kB
Inactive(file):   386568 kB
Unevictable:         740 kB
Mlocked:             160 kB
SwapTotal:       2097148 kB
SwapFree:              4 kB
Dirty:               584 kB
Writeback:             0 kB
AnonPages:      12517808 kB
Mapped:           835252 kB
Shmem:            525888 kB
KReclaimable:     164196 kB
Slab:             443068 kB
SReclaimable:     164196 kB
SUnreclaim:       278872 kB
KernelStack:       38320 kB
PageTables:       113288 kB
NFS_Unstable:          0 kB
Bounce:                0 kB
WritebackTmp:          0 kB
CommitLimit:    10253424 kB
Committed_AS:   36255904 kB
VmallocTotal:   34359738367 kB
VmallocUsed:       90032 kB
VmallocChunk:          0 kB
Percpu:             7456 kB
HardwareCorrupted:     0 kB
AnonHugePages:         0 kB
ShmemHugePages:        0 kB
ShmemPmdMapped:        0 kB
FileHugePages:         0 kB
FilePmdMapped:         0 kB
CmaTotal:              0 kB
CmaFree:               0 kB
HugePages_Total:       0
HugePages_Free:        0
HugePages_Rsvd:        0
HugePages_Surp:        0
Hugepagesize:       2048 kB
Hugetlb:               0 kB
DirectMap4k:     2041832 kB
DirectMap2M:    14651392 kB
DirectMap1G:     1048576 kB

/sys/kernel/mm/transparent_hugepage/enabled:
always [madvise] never
/sys/kernel/mm/transparent_hugepage/defrag (defrag/compaction efforts parameter):
always defer defer+madvise [madvise] never

/proc/sys/kernel/threads-max (system-wide limit on the number of threads):
126717
/proc/sys/vm/max_map_count (maximum number of memory map areas a process may have):
65530
/proc/sys/kernel/pid_max (system-wide limit on number of process identifiers):
4194304

container (cgroup) information:
container_type: cgroupv1
cpu_cpuset_cpus: 0-7
cpu_memory_nodes: 0
active_processor_count: 8
cpu_quota: -1
cpu_period: 100000
cpu_shares: -1
memory_limit_in_bytes: -1
memory_and_swap_limit_in_bytes: -2
memory_soft_limit_in_bytes: -1
memory_usage_in_bytes: 13381226496
memory_max_usage_in_bytes: 14722519040

Steal ticks since vm start: 0
Steal ticks percentage since vm start:  0,000

CPU:total 8 (initial active 8) (4 cores per cpu, 2 threads per core) family 6 model 60 stepping 3 microcode 0x28, cmov, cx8, fxsr, mmx, sse, sse2, sse3, ssse3, sse4.1, sse4.2, popcnt, avx, avx2, aes, clmul, erms, lzcnt, ht, tsc, tscinvbit, bmi1, bmi2, fma
CPU Model and flags from /proc/cpuinfo:
model name	: Intel(R) Core(TM) i7-4720HQ CPU @ 2.60GHz
flags		: fpu vme de pse tsc msr pae mce cx8 apic sep mtrr pge mca cmov pat pse36 clflush dts acpi mmx fxsr sse sse2 ss ht tm pbe syscall nx pdpe1gb rdtscp lm constant_tsc arch_perfmon pebs bts rep_good nopl xtopology nonstop_tsc cpuid aperfmperf pni pclmulqdq dtes64 monitor ds_cpl vmx est tm2 ssse3 sdbg fma cx16 xtpr pdcm pcid sse4_1 sse4_2 x2apic movbe popcnt tsc_deadline_timer aes xsave avx f16c rdrand lahf_lm abm cpuid_fault epb invpcid_single pti ssbd ibrs ibpb stibp tpr_shadow vnmi flexpriority ept vpid ept_ad fsgsbase tsc_adjust bmi1 avx2 smep bmi2 erms invpcid xsaveopt dtherm ida arat pln pts md_clear flush_l1d
Online cpus:
0-7
Offline cpus:

BIOS frequency limitation:
<Not Available>
Frequency switch latency (ns):
0
Available cpu frequencies:
<Not Available>
Current governor:
powersave
Core performance/turbo boost:
<Not Available>

Memory: 4k page, physical 16312552k(1460756k free), swap 2097148k(4k free)

vm_info: OpenJDK 64-Bit Server VM (11.0.10+9) for linux-amd64 JRE (11.0.10+9), built on Jan 20 2021 12:11:51 by "" with gcc 7.5.0

END.
